#
# A fatal error has been detected by the Java Runtime Environment:
#
#  EXCEPTION_ACCESS_VIOLATION (0xc0000005) at pc=0xffffffffa3db5120, pid=13100, tid=0x0000000000001430
#
# JRE version: Java(TM) SE Runtime Environment (8.0_92-b14) (build 1.8.0_92-b14)
# Java VM: Java HotSpot(TM) 64-Bit Server VM (25.92-b14 mixed mode windows-amd64 compressed oops)
# Problematic frame:
# C  0xffffffffa3db5120
#
# Failed to write core dump. Minidumps are not enabled by default on client versions of Windows
#
# If you would like to submit a bug report, please visit:
#   http://bugreport.java.com/bugreport/crash.jsp
#

---------------  T H R E A D  ---------------

Current thread (0x000000001d603000):  JavaThread "Thread-2" [_thread_in_Java, id=5168, stack(0x000000001ddc0000,0x000000001dec0000)]

siginfo: ExceptionCode=0xc0000005, ExceptionInformation=0x0000000000000008 0xffffffffa3db5120

Registers:
RAX=0x00000000eae3db98, RBX=0x00000000eae40d80, RCX=0x00000000eae3dc18, RDX=0x00000000eae3e4b0
RSP=0x000000001debee28, RBP=0x000000001debf498, RSI=0x00000000eae3e4b0, RDI=0x00000000eae3db98
R8 =0x00000000eae3dc18, R9 =0x00000000eae40d80, R10=0x00000000eb51ea30, R11=0x00000000eae40d80
R12=0x0000000000000000, R13=0x0000000100096e58, R14=0x000000001df16c10, R15=0x000000001d603000
RIP=0xffffffffa3db5120, EFLAGS=0x0000000000010216

Top of Stack: (sp=0x000000001debee28)
0x000000001debee28:   000000000302fb8c 4080400000000000
0x000000001debee38:   0000000000000001 00000000ead640a0
0x000000001debee48:   0000000000000018 000000001debf498
0x000000001debee58:   000000000304a59c 0000000000000000
0x000000001debee68:   0000000000000001 0000000000000000
0x000000001debee78:   0000000000000000 0000000000000018
0x000000001debee88:   0000000000000018 0000000000000001
0x000000001debee98:   00000000eae3dc18 00000000eae40d80
0x000000001debeea8:   00000000eae3db98 000000001debf438
0x000000001debeeb8:   000000000304efa4 000000001debf498
0x000000001debeec8:   000000000306295c 00000000eb562928
0x000000001debeed8:   0000000002db5410 000000001debf498
0x000000001debeee8:   000000000304efa4 0000000000000000
0x000000001debeef8:   0000000000000032 0000000000000032
0x000000001debef08:   0000000000000018 00000000eb562d30
0x000000001debef18:   0000000000000018 000000001debf498 

Instructions: (pc=0xffffffffa3db5120)
0xffffffffa3db5100:   
[error occurred during error reporting (printing registers, top of stack, instructions near pc), id 0xc0000005]

Register to memory mapping:

RAX=0x00000000eae3db98 is an oop
sun.java2d.loops.SurfaceType 
 - klass: 'sun/java2d/loops/SurfaceType'
RBX=0x00000000eae40d80 is an oop
sun.java2d.loops.CompositeType 
 - klass: 'sun/java2d/loops/CompositeType'
RCX=0x00000000eae3dc18 is an oop
sun.java2d.loops.SurfaceType 
 - klass: 'sun/java2d/loops/SurfaceType'
RDX=0x00000000eae3e4b0 is an oop
sun.java2d.loops.RenderCache 
 - klass: 'sun/java2d/loops/RenderCache'
RSP=0x000000001debee28 is pointing into the stack for thread: 0x000000001d603000
RBP=0x000000001debf498 is pointing into the stack for thread: 0x000000001d603000
RSI=0x00000000eae3e4b0 is an oop
sun.java2d.loops.RenderCache 
 - klass: 'sun/java2d/loops/RenderCache'
RDI=0x00000000eae3db98 is an oop
sun.java2d.loops.SurfaceType 
 - klass: 'sun/java2d/loops/SurfaceType'
R8 =0x00000000eae3dc18 is an oop
sun.java2d.loops.SurfaceType 
 - klass: 'sun/java2d/loops/SurfaceType'
R9 =0x00000000eae40d80 is an oop
sun.java2d.loops.CompositeType 
 - klass: 'sun/java2d/loops/CompositeType'
R10=0x00000000eb51ea30 is an oop
sun.java2d.StateTrackableDelegate$1 
 - klass: 'sun/java2d/StateTrackableDelegate$1'
R11=0x00000000eae40d80 is an oop
sun.java2d.loops.CompositeType 
 - klass: 'sun/java2d/loops/CompositeType'
R12=0x0000000000000000 is an unknown value
R13=0x0000000100096e58 is pointing into metadata
R14=0x000000001df16c10 is pointing into metadata
R15=0x000000001d603000 is a thread


Stack: [0x000000001ddc0000,0x000000001dec0000],  sp=0x000000001debee28,  free space=1019k
Native frames: (J=compiled Java code, j=interpreted, Vv=VM code, C=native code)
C  0xffffffffa3db5120


---------------  P R O C E S S  ---------------

Java Threads: ( => current thread )
  0x0000000002cb0800 JavaThread "DestroyJavaVM" [_thread_blocked, id=13376, stack(0x0000000002bb0000,0x0000000002cb0000)]
=>0x000000001d603000 JavaThread "Thread-2" [_thread_in_Java, id=5168, stack(0x000000001ddc0000,0x000000001dec0000)]
  0x00000000171d0800 JavaThread "AWT-EventQueue-0" [_thread_in_native, id=14488, stack(0x000000001d4c0000,0x000000001d5c0000)]
  0x00000000171a4800 JavaThread "AWT-Windows" daemon [_thread_in_native, id=14020, stack(0x00000000177f0000,0x00000000178f0000)]
  0x00000000171a2000 JavaThread "AWT-Shutdown" [_thread_blocked, id=10560, stack(0x00000000176f0000,0x00000000177f0000)]
  0x00000000171a1800 JavaThread "Java2D Disposer" daemon [_thread_blocked, id=980, stack(0x0000000017530000,0x0000000017630000)]
  0x0000000016e1d000 JavaThread "Service Thread" daemon [_thread_blocked, id=6340, stack(0x0000000017200000,0x0000000017300000)]
  0x00000000154de000 JavaThread "C1 CompilerThread2" daemon [_thread_blocked, id=10156, stack(0x0000000016d00000,0x0000000016e00000)]
  0x00000000154d3000 JavaThread "C2 CompilerThread1" daemon [_thread_blocked, id=9972, stack(0x0000000016c00000,0x0000000016d00000)]
  0x000000001547c000 JavaThread "C2 CompilerThread0" daemon [_thread_blocked, id=15456, stack(0x0000000016b00000,0x0000000016c00000)]
  0x000000001547a800 JavaThread "Attach Listener" daemon [_thread_blocked, id=4464, stack(0x0000000016a00000,0x0000000016b00000)]
  0x0000000015479800 JavaThread "Signal Dispatcher" daemon [_thread_blocked, id=15344, stack(0x0000000016900000,0x0000000016a00000)]
  0x000000001546a000 JavaThread "Finalizer" daemon [_thread_blocked, id=11816, stack(0x0000000016710000,0x0000000016810000)]
  0x0000000002d9f000 JavaThread "Reference Handler" daemon [_thread_blocked, id=8356, stack(0x0000000016610000,0x0000000016710000)]

Other Threads:
  0x0000000015447800 VMThread [stack: 0x0000000016510000,0x0000000016610000] [id=5688]
  0x0000000016e29800 WatcherThread [stack: 0x0000000017300000,0x0000000017400000] [id=8928]

VM state:not at safepoint (normal execution)

VM Mutex/Monitor currently owned by a thread: None

Heap:
 PSYoungGen      total 18944K, used 10944K [0x00000000eab00000, 0x00000000ec000000, 0x0000000100000000)
  eden space 16384K, 66% used [0x00000000eab00000,0x00000000eb5b0200,0x00000000ebb00000)
  from space 2560K, 0% used [0x00000000ebd80000,0x00000000ebd80000,0x00000000ec000000)
  to   space 2560K, 0% used [0x00000000ebb00000,0x00000000ebb00000,0x00000000ebd80000)
 ParOldGen       total 44032K, used 0K [0x00000000c0000000, 0x00000000c2b00000, 0x00000000eab00000)
  object space 44032K, 0% used [0x00000000c0000000,0x00000000c0000000,0x00000000c2b00000)
 Metaspace       used 9847K, capacity 10034K, committed 10240K, reserved 1058816K
  class space    used 1169K, capacity 1254K, committed 1280K, reserved 1048576K

Card table byte_map: [0x0000000012170000,0x0000000012380000] byte_map_base: 0x0000000011b70000

Marking Bits: (ParMarkBitMap*) 0x00000000510164f0
 Begin Bits: [0x00000000128e0000, 0x00000000138e0000)
 End Bits:   [0x00000000138e0000, 0x00000000148e0000)

Polling page: 0x0000000000bf0000

CodeCache: size=245760Kb used=2980Kb max_used=2987Kb free=242779Kb
 bounds [0x0000000002db0000, 0x00000000030a0000, 0x0000000011db0000]
 total_blobs=1295 nmethods=814 adapters=396
 compilation: enabled

Compilation events (10 events):
Event: 4.974 Thread 0x00000000154de000 nmethod 787 0x000000000308d890 code [0x000000000308daa0, 0x000000000308e728]
Event: 4.974 Thread 0x00000000154de000  789       3       sun.java2d.SurfaceData::pixelFor (13 bytes)
Event: 4.975 Thread 0x00000000154de000 nmethod 789 0x000000000308d2d0 code [0x000000000308d440, 0x000000000308d748]
Event: 4.975 Thread 0x00000000154de000  788       3       sun.java2d.SunGraphics2D::validateColor (102 bytes)
Event: 4.975 Thread 0x00000000154de000 nmethod 788 0x000000000308c990 code [0x000000000308cb20, 0x000000000308d138]
Event: 4.984 Thread 0x00000000154d3000 nmethod 790 0x000000000308ab90 code [0x000000000308ad00, 0x000000000308b0f8]
Event: 4.987 Thread 0x000000001547c000  791  s    4       sun.java2d.loops.RenderCache::get (100 bytes)
Event: 4.987 Thread 0x00000000154d3000  792       4       sun.java2d.loops.Blit::getFromCache (132 bytes)
Event: 4.993 Thread 0x000000001547c000 nmethod 791 0x0000000003090910 code [0x0000000003090a60, 0x0000000003090d78]
Event: 4.993 Thread 0x00000000154d3000 nmethod 792 0x0000000003090f50 code [0x00000000030910a0, 0x00000000030913f8]

GC Heap History (0 events):
No events

Deoptimization events (1 events):
Event: 1.777 Thread 0x0000000002cb0800 Uncommon trap: reason=null_check action=make_not_entrant pc=0x0000000002f2f3f8 method=java.lang.String.equals(Ljava/lang/Object;)Z @ 8

Internal exceptions (10 events):
Event: 0.634 Thread 0x0000000002cb0800 Exception <a 'java/lang/NoSuchMethodError': Method sun.misc.Unsafe.prefetchRead(Ljava/lang/Object;J)V name or signature does not match> (0x00000000eab07fa8) thrown at [D:\re\workspace\8-2-build-windows-amd64-cygwin\jdk8u92\6642\hotspot\src\share\vm\prims\jÚ#OÙ$ï?
Event: 0.970 Thread 0x0000000002cb0800 Exception <a 'java/security/PrivilegedActionException'> (0x00000000eab921d8) thrown at [D:\re\workspace\8-2-build-windows-amd64-cygwin\jdk8u92\6642\hotspot\src\share\vm\prims\jvm.cpp, line 1386]
Event: 0.970 Thread 0x0000000002cb0800 Exception <a 'java/security/PrivilegedActionException'> (0x00000000eab923e8) thrown at [D:\re\workspace\8-2-build-windows-amd64-cygwin\jdk8u92\6642\hotspot\src\share\vm\prims\jvm.cpp, line 1386]
Event: 0.988 Thread 0x0000000002cb0800 Exception <a 'java/security/PrivilegedActionException'> (0x00000000eab95f90) thrown at [D:\re\workspace\8-2-build-windows-amd64-cygwin\jdk8u92\6642\hotspot\src\share\vm\prims\jvm.cpp, line 1386]
Event: 0.988 Thread 0x0000000002cb0800 Exception <a 'java/security/PrivilegedActionException'> (0x00000000eab961a0) thrown at [D:\re\workspace\8-2-build-windows-amd64-cygwin\jdk8u92\6642\hotspot\src\share\vm\prims\jvm.cpp, line 1386]
Event: 1.016 Thread 0x0000000002cb0800 Exception <a 'java/io/FileNotFoundException'> (0x00000000eab98668) thrown at [D:\re\workspace\8-2-build-windows-amd64-cygwin\jdk8u92\6642\hotspot\src\share\vm\prims\jni.cpp, line 709]
Event: 1.152 Thread 0x0000000002cb0800 Exception <a 'java/lang/NoSuchFieldError': method resolution failed> (0x00000000eacb7d98) thrown at [D:\re\workspace\8-2-build-windows-amd64-cygwin\jdk8u92\6642\hotspot\src\share\vm\prims\methodHandles.cpp, line 1146]
Event: 1.154 Thread 0x0000000002cb0800 Exception <a 'java/lang/NoSuchFieldError': method resolution failed> (0x00000000eacc5138) thrown at [D:\re\workspace\8-2-build-windows-amd64-cygwin\jdk8u92\6642\hotspot\src\share\vm\prims\methodHandles.cpp, line 1146]
Event: 1.370 Thread 0x0000000002cb0800 Exception <a 'java/io/FileNotFoundException'> (0x00000000ead59be0) thrown at [D:\re\workspace\8-2-build-windows-amd64-cygwin\jdk8u92\6642\hotspot\src\share\vm\prims\jni.cpp, line 709]
Event: 1.777 Thread 0x0000000002cb0800 Implicit null exception at 0x0000000002f2f222 to 0x0000000002f2f3e9

Events (10 events):
Event: 4.469 loading class me/extain/game/objects/VirusCell
Event: 4.469 loading class me/extain/game/objects/VirusCell done
Event: 4.483 loading class me/extain/game/objects/VirusCell$states
Event: 4.483 loading class me/extain/game/objects/VirusCell$states done
Event: 4.641 loading class me/extain/game/utils/Utils
Event: 4.641 loading class me/extain/game/utils/Utils done
Event: 4.790 Thread 0x000000001d603000 DEOPT PACKING pc=0x000000000306c42b sp=0x000000001debf3f0
Event: 4.790 Thread 0x000000001d603000 DEOPT UNPACKING pc=0x0000000002df71bf sp=0x000000001debf170 mode 0
Event: 4.934 Executing VM operation: EnableBiasedLocking
Event: 4.935 Executing VM operation: EnableBiasedLocking done


Dynamic libraries:
0x00007ff6b0920000 - 0x00007ff6b0957000 	C:\Program Files\Java\jre1.8.0_92\bin\javaw.exe
0x00007ffa606f0000 - 0x00007ffa608c1000 	C:\WINDOWS\SYSTEM32\ntdll.dll
0x00007ffa5f3e0000 - 0x00007ffa5f48b000 	C:\WINDOWS\System32\KERNEL32.DLL
0x00007ffa5d6d0000 - 0x00007ffa5d8ed000 	C:\WINDOWS\System32\KERNELBASE.dll
0x00007ffa60640000 - 0x00007ffa606e2000 	C:\WINDOWS\System32\ADVAPI32.dll
0x00007ffa5f6b0000 - 0x00007ffa5f74e000 	C:\WINDOWS\System32\msvcrt.dll
0x00007ffa5f300000 - 0x00007ffa5f359000 	C:\WINDOWS\System32\sechost.dll
0x00007ffa5f580000 - 0x00007ffa5f6a1000 	C:\WINDOWS\System32\RPCRT4.dll
0x00007ffa5dc80000 - 0x00007ffa5dde5000 	C:\WINDOWS\System32\USER32.dll
0x00007ffa5d430000 - 0x00007ffa5d44e000 	C:\WINDOWS\System32\win32u.dll
0x00007ffa602c0000 - 0x00007ffa602f4000 	C:\WINDOWS\System32\GDI32.dll
0x00007ffa5da90000 - 0x00007ffa5dc12000 	C:\WINDOWS\System32\gdi32full.dll
0x00007ffa4a6c0000 - 0x00007ffa4a93a000 	C:\WINDOWS\WinSxS\amd64_microsoft.windows.common-controls_6595b64144ccf1df_6.0.14393.953_none_42151e83c686086b\COMCTL32.dll
0x00007ffa5fe40000 - 0x00007ffa60108000 	C:\WINDOWS\System32\combase.dll
0x00007ffa5d8f0000 - 0x00007ffa5d9e5000 	C:\WINDOWS\System32\ucrtbase.dll
0x00007ffa5d310000 - 0x00007ffa5d37a000 	C:\WINDOWS\System32\bcryptPrimitives.dll
0x00007ffa5f970000 - 0x00007ffa5f99e000 	C:\WINDOWS\System32\IMM32.DLL
0x00000000503a0000 - 0x0000000050472000 	C:\Program Files\Java\jre1.8.0_92\bin\msvcr100.dll
0x0000000050800000 - 0x0000000051096000 	C:\Program Files\Java\jre1.8.0_92\bin\server\jvm.dll
0x00007ffa60210000 - 0x00007ffa60218000 	C:\WINDOWS\System32\PSAPI.DLL
0x00007ffa5ab80000 - 0x00007ffa5ab89000 	C:\WINDOWS\SYSTEM32\WSOCK32.dll
0x00007ffa5ab50000 - 0x00007ffa5ab73000 	C:\WINDOWS\SYSTEM32\WINMM.dll
0x00007ffa5f4f0000 - 0x00007ffa5f55a000 	C:\WINDOWS\System32\WS2_32.dll
0x00007ffa566c0000 - 0x00007ffa566ca000 	C:\WINDOWS\SYSTEM32\VERSION.dll
0x00007ffa5aac0000 - 0x00007ffa5aaeb000 	C:\WINDOWS\SYSTEM32\winmmbase.dll
0x00007ffa5d2c0000 - 0x00007ffa5d302000 	C:\WINDOWS\System32\cfgmgr32.dll
0x0000000050710000 - 0x000000005071f000 	C:\Program Files\Java\jre1.8.0_92\bin\verify.dll
0x00000000506e0000 - 0x0000000050709000 	C:\Program Files\Java\jre1.8.0_92\bin\java.dll
0x00000000506c0000 - 0x00000000506d6000 	C:\Program Files\Java\jre1.8.0_92\bin\zip.dll
0x00007ffa5ddf0000 - 0x00007ffa5f2f8000 	C:\WINDOWS\System32\SHELL32.dll
0x00007ffa5cbe0000 - 0x00007ffa5d2ba000 	C:\WINDOWS\System32\windows.storage.dll
0x00007ffa5cb50000 - 0x00007ffa5cb9c000 	C:\WINDOWS\System32\powrprof.dll
0x00007ffa604a0000 - 0x00007ffa604f2000 	C:\WINDOWS\System32\shlwapi.dll
0x00007ffa5cbd0000 - 0x00007ffa5cbdf000 	C:\WINDOWS\System32\kernel.appcore.dll
0x00007ffa5d620000 - 0x00007ffa5d6c9000 	C:\WINDOWS\System32\shcore.dll
0x00007ffa5cba0000 - 0x00007ffa5cbb4000 	C:\WINDOWS\System32\profapi.dll
0x0000000050200000 - 0x0000000050398000 	C:\Program Files\Java\jre1.8.0_92\bin\awt.dll
0x00007ffa5f8b0000 - 0x00007ffa5f96f000 	C:\WINDOWS\System32\OLEAUT32.dll
0x00007ffa5d9f0000 - 0x00007ffa5da8c000 	C:\WINDOWS\System32\msvcp_win.dll
0x00007ffa5b0f0000 - 0x00007ffa5b16a000 	C:\WINDOWS\SYSTEM32\apphelp.dll
0x00007ffa5aa30000 - 0x00007ffa5aa56000 	C:\WINDOWS\system32\DWMAPI.DLL
0x00007ffa5b330000 - 0x00007ffa5b3c5000 	C:\WINDOWS\system32\uxtheme.dll
0x00007ffa5f750000 - 0x00007ffa5f8aa000 	C:\WINDOWS\System32\MSCTF.dll
0x00007ffa60500000 - 0x00007ffa60637000 	C:\WINDOWS\System32\ole32.dll
0x00007ffa35ef0000 - 0x00007ffa3607d000 	C:\WINDOWS\system32\d3d9.dll
0x00007ffa34e30000 - 0x00007ffa35eec000 	C:\WINDOWS\System32\DriverStore\FileRepository\nv_dispiwu.inf_amd64_b67dc924fff8de6d\nvd3dumx.dll
0x00007ffa51250000 - 0x00007ffa51419000 	C:\WINDOWS\system32\nvspcap64.dll
0x00007ffa5fa10000 - 0x00007ffa5fe39000 	C:\WINDOWS\System32\SETUPAPI.dll
0x00007ffa592b0000 - 0x00007ffa5937d000 	C:\WINDOWS\SYSTEM32\WINHTTP.dll
0x00007ffa53280000 - 0x00007ffa5367b000 	C:\WINDOWS\system32\nvapi64.dll
0x00007ffa5bad0000 - 0x00007ffa5bb6f000 	C:\WINDOWS\SYSTEM32\dxgi.dll
0x00007ffa53ca0000 - 0x00007ffa53d86000 	C:\Program Files (x86)\NVIDIA Corporation\3D Vision\nvSCPAPI64.dll
0x00000000501b0000 - 0x00000000501f7000 	C:\Program Files\Java\jre1.8.0_92\bin\fontmanager.dll
0x00007ffa5c630000 - 0x00007ffa5c647000 	C:\WINDOWS\SYSTEM32\CRYPTSP.dll
0x00007ffa5c020000 - 0x00007ffa5c053000 	C:\WINDOWS\system32\rsaenh.dll
0x00007ffa5ca90000 - 0x00007ffa5cabb000 	C:\WINDOWS\SYSTEM32\bcrypt.dll
0x00007ffa5c2a0000 - 0x00007ffa5c2bf000 	C:\WINDOWS\SYSTEM32\USERENV.dll
0x00007ffa5c620000 - 0x00007ffa5c62b000 	C:\WINDOWS\SYSTEM32\CRYPTBASE.dll
0x00000000506a0000 - 0x00000000506ba000 	C:\Program Files\Java\jre1.8.0_92\bin\net.dll
0x00007ffa5c420000 - 0x00007ffa5c47c000 	C:\WINDOWS\system32\mswsock.dll
0x00007ffa5c1a0000 - 0x00007ffa5c1d8000 	C:\WINDOWS\SYSTEM32\IPHLPAPI.DLL
0x00007ffa5f3d0000 - 0x00007ffa5f3d8000 	C:\WINDOWS\System32\NSI.dll
0x00007ffa58cc0000 - 0x00007ffa58cd6000 	C:\WINDOWS\SYSTEM32\dhcpcsvc6.DLL
0x00007ffa58ca0000 - 0x00007ffa58cba000 	C:\WINDOWS\SYSTEM32\dhcpcsvc.DLL
0x0000000050680000 - 0x0000000050691000 	C:\Program Files\Java\jre1.8.0_92\bin\nio.dll
0x0000000050160000 - 0x00000000501a2000 	C:\Program Files\Java\jre1.8.0_92\bin\t2k.dll
0x00007ffa58200000 - 0x00007ffa58392000 	C:\WINDOWS\SYSTEM32\dbghelp.dll

VM Arguments:
jvm_args: -Dfile.encoding=Cp1252 
java_command: me.extain.game.Main
java_class_path (initial): C:\Users\Levi\Desktop\Ludum Dare\Ludum Dare 38\bin
Launcher Type: SUN_STANDARD

Environment Variables:
PATH=C:/Program Files/Java/jre1.8.0_92/bin/server;C:/Program Files/Java/jre1.8.0_92/bin;C:/Program Files/Java/jre1.8.0_92/lib/amd64;C:\Program Files (x86)\Razer Chroma SDK\bin;C:\Program Files\Razer Chroma SDK\bin;C:\ProgramData\Oracle\Java\javapath;C:\Windows\system32;C:\Windows;C:\Windows\System32\Wbem;C:\Windows\System32\WindowsPowerShell\v1.0\;C:\Program Files (x86)\Skype\Phone\;C:\Program Files (x86)\MySQL\MySQL Fabric 1.5 & MySQL Utilities 1.5\;C:\Program Files (x86)\MySQL\MySQL Fabric 1.5 & MySQL Utilities 1.5\Doctrine extensions for PHP\;C:\Users\Levi\.dnx\bin;C:\Program Files\Microsoft DNX\Dnvm\;C:\Program Files\Microsoft SQL Server\130\Tools\Binn\;C:\WINDOWS\system32;C:\WINDOWS;C:\WINDOWS\System32\Wbem;C:\WINDOWS\System32\WindowsPowerShell\v1.0\;C:\Program Files\Git\cmd;C:\Program Files (x86)\NVIDIA Corporation\PhysX\Common;C:\Program Files (x86)\GtkSharp\2.12\bin;C:\Users\Levi\AppData\Local\Microsoft\WindowsApps;C:\Users\Levi\AppData\Local\Microsoft\WindowsApps;;C:\WINDOWS\system32;
USERNAME=Levi
OS=Windows_NT
PROCESSOR_IDENTIFIER=Intel64 Family 6 Model 15 Stepping 11, GenuineIntel



---------------  S Y S T E M  ---------------

OS: Windows 10.0 , 64 bit Build 14393 (10.0.14393.0)

CPU:total 4 (4 cores per cpu, 1 threads per core) family 6 model 15 stepping 11, cmov, cx8, fxsr, mmx, sse, sse2, sse3, ssse3, tsc

Memory: 4k page, physical 4193252k(784460k free), swap 8291924k(1560336k free)

vm_info: Java HotSpot(TM) 64-Bit Server VM (25.92-b14) for windows-amd64 JRE (1.8.0_92-b14), built on Mar 31 2016 21:03:04 by "java_re" with MS VC++ 10.0 (VS2010)

time: Sat Apr 22 13:20:35 2017
elapsed time: 5 seconds (0d 0h 0m 5s)

