#
# A fatal error has been detected by the Java Runtime Environment:
#
#  EXCEPTION_ACCESS_VIOLATION (0xc0000005) at pc=0xffffffffa3745120, pid=13048, tid=0x0000000000001e3c
#
# JRE version: Java(TM) SE Runtime Environment (8.0_92-b14) (build 1.8.0_92-b14)
# Java VM: Java HotSpot(TM) 64-Bit Server VM (25.92-b14 mixed mode windows-amd64 compressed oops)
# Problematic frame:
# C  0xffffffffa3745120
#
# Failed to write core dump. Minidumps are not enabled by default on client versions of Windows
#
# If you would like to submit a bug report, please visit:
#   http://bugreport.java.com/bugreport/crash.jsp
#

---------------  T H R E A D  ---------------

Current thread (0x000000001723c000):  JavaThread "Thread-2" [_thread_in_Java, id=7740, stack(0x000000001d5e0000,0x000000001d6e0000)]

siginfo: ExceptionCode=0xc0000005, ExceptionInformation=0x0000000000000008 0xffffffffa3745120

Registers:
RAX=0x0000000014879138, RBX=0x0000000014879138, RCX=0x00000000eb24fb98, RDX=0x00000000eb24fb98
RSP=0x000000001d6df2f8, RBP=0x000000001d6df360, RSI=0x0000000014bc2678, RDI=0x0000000000000108
R8 =0x0000000000000047, R9 =0x00000000171b0840, R10=0x0000000050ff7f20, R11=0x00000000028ff000
R12=0x0000000000000000, R13=0x000000001d6df310, R14=0x0000000000000000, R15=0x000000001723c000
RIP=0xffffffffa3745120, EFLAGS=0x0000000000010206

Top of Stack: (sp=0x000000001d6df2f8)
0x000000001d6df2f8:   0000000002747c80 000000001d6df360
0x000000001d6df308:   0000000002747c80 00000000eb24fb98
0x000000001d6df318:   0000000041b00000 000000001d6df320
0x000000001d6df328:   000000001487466b 000000001d6df390
0x000000001d6df338:   0000000014875810 0000000000000000
0x000000001d6df348:   0000000014874720 000000001d6df310
0x000000001d6df358:   000000001d6df390 000000001d6df3d8
0x000000001d6df368:   000000000274809d 00000000eb251bc0
0x000000001d6df378:   00000000eb24fb98 0000000000000047
0x000000001d6df388:   0000000000000026 00000000eae855b8
0x000000001d6df398:   000000001d6df398 0000000014870854
0x000000001d6df3a8:   000000001d6df448 0000000014872380
0x000000001d6df3b8:   0000000000000000 0000000014870930
0x000000001d6df3c8:   000000001d6df390 000000001d6df448
0x000000001d6df3d8:   000000001d6df490 00000000027480e2
0x000000001d6df3e8:   00024efebde324e1 0000000000000000 

Instructions: (pc=0xffffffffa3745120)
0xffffffffa3745100:   
[error occurred during error reporting (printing registers, top of stack, instructions near pc), id 0xc0000005]

Register to memory mapping:

RAX={method} {0x0000000014879140} 'getHalfWidth' '()F' in 'me/extain/game/objects/component/Collider'
RBX={method} {0x0000000014879140} 'getHalfWidth' '()F' in 'me/extain/game/objects/component/Collider'
RCX=0x00000000eb24fb98 is an oop
me.extain.game.objects.component.Collider 
 - klass: 'me/extain/game/objects/component/Collider'
RDX=0x00000000eb24fb98 is an oop
me.extain.game.objects.component.Collider 
 - klass: 'me/extain/game/objects/component/Collider'
RSP=0x000000001d6df2f8 is pointing into the stack for thread: 0x000000001723c000
RBP=0x000000001d6df360 is pointing into the stack for thread: 0x000000001723c000
RSI=0x0000000014bc2678 is pointing into metadata
RDI=0x0000000000000108 is an unknown value
R8 =0x0000000000000047 is an unknown value
R9 =0x00000000171b0840 is an unknown value
R10=0x0000000050ff7f20 is an unknown value
R11=0x00000000028ff000 is at entry_point+32 in (nmethod*)0x00000000028fee90
R12=0x0000000000000000 is an unknown value
R13=0x000000001d6df310 is pointing into the stack for thread: 0x000000001723c000
R14=0x0000000000000000 is an unknown value
R15=0x000000001723c000 is a thread


Stack: [0x000000001d5e0000,0x000000001d6e0000],  sp=0x000000001d6df2f8,  free space=1020k
Native frames: (J=compiled Java code, j=interpreted, Vv=VM code, C=native code)
C  0xffffffffa3745120


---------------  P R O C E S S  ---------------

Java Threads: ( => current thread )
  0x0000000002570800 JavaThread "DestroyJavaVM" [_thread_blocked, id=12900, stack(0x00000000023b0000,0x00000000024b0000)]
=>0x000000001723c000 JavaThread "Thread-2" [_thread_in_Java, id=7740, stack(0x000000001d5e0000,0x000000001d6e0000)]
  0x00000000171e2000 JavaThread "AWT-EventQueue-0" [_thread_blocked, id=7864, stack(0x000000001d3e0000,0x000000001d4e0000)]
  0x0000000016b5d000 JavaThread "AWT-Windows" daemon [_thread_in_native, id=6932, stack(0x00000000170b0000,0x00000000171b0000)]
  0x0000000016b5c000 JavaThread "AWT-Shutdown" [_thread_blocked, id=16248, stack(0x0000000016fb0000,0x00000000170b0000)]
  0x0000000016b5b800 JavaThread "Java2D Disposer" daemon [_thread_blocked, id=14724, stack(0x0000000016e90000,0x0000000016f90000)]
  0x0000000014e6b000 JavaThread "Service Thread" daemon [_thread_blocked, id=2324, stack(0x0000000016b60000,0x0000000016c60000)]
  0x0000000014e5b800 JavaThread "C1 CompilerThread2" daemon [_thread_blocked, id=10200, stack(0x0000000016660000,0x0000000016760000)]
  0x0000000014e12000 JavaThread "C2 CompilerThread1" daemon [_thread_blocked, id=10552, stack(0x0000000016560000,0x0000000016660000)]
  0x0000000014e0c000 JavaThread "C2 CompilerThread0" daemon [_thread_blocked, id=16376, stack(0x0000000016460000,0x0000000016560000)]
  0x0000000014e0a800 JavaThread "Attach Listener" daemon [_thread_blocked, id=14008, stack(0x0000000016360000,0x0000000016460000)]
  0x0000000014e09000 JavaThread "Signal Dispatcher" daemon [_thread_blocked, id=13396, stack(0x0000000016260000,0x0000000016360000)]
  0x0000000014dfa000 JavaThread "Finalizer" daemon [_thread_blocked, id=11612, stack(0x0000000016070000,0x0000000016170000)]
  0x000000000265f000 JavaThread "Reference Handler" daemon [_thread_blocked, id=13352, stack(0x0000000015f70000,0x0000000016070000)]

Other Threads:
  0x0000000014dd7800 VMThread [stack: 0x0000000015e70000,0x0000000015f70000] [id=5580]
  0x0000000016789000 WatcherThread [stack: 0x0000000016c60000,0x0000000016d60000] [id=12400]

VM state:synchronizing (normal execution)

VM Mutex/Monitor currently owned by a thread:  ([mutex/lock_event])
[0x000000000273ca60] Safepoint_lock - owner thread: 0x0000000014dd7800
[0x000000000273bce0] Threads_lock - owner thread: 0x0000000014dd7800

Heap:
 PSYoungGen      total 18944K, used 7730K [0x00000000eab00000, 0x00000000ec000000, 0x0000000100000000)
  eden space 16384K, 47% used [0x00000000eab00000,0x00000000eb28ca30,0x00000000ebb00000)
  from space 2560K, 0% used [0x00000000ebd80000,0x00000000ebd80000,0x00000000ec000000)
  to   space 2560K, 0% used [0x00000000ebb00000,0x00000000ebb00000,0x00000000ebd80000)
 ParOldGen       total 44032K, used 0K [0x00000000c0000000, 0x00000000c2b00000, 0x00000000eab00000)
  object space 44032K, 0% used [0x00000000c0000000,0x00000000c0000000,0x00000000c2b00000)
 Metaspace       used 8462K, capacity 8626K, committed 8832K, reserved 1056768K
  class space    used 1036K, capacity 1126K, committed 1152K, reserved 1048576K

Card table byte_map: [0x0000000011b00000,0x0000000011d10000] byte_map_base: 0x0000000011500000

Marking Bits: (ParMarkBitMap*) 0x00000000510164f0
 Begin Bits: [0x0000000012270000, 0x0000000013270000)
 End Bits:   [0x0000000013270000, 0x0000000014270000)

Polling page: 0x0000000000820000

CodeCache: size=245760Kb used=1793Kb max_used=1804Kb free=243967Kb
 bounds [0x0000000002740000, 0x00000000029b0000, 0x0000000011740000]
 total_blobs=813 nmethods=363 adapters=365
 compilation: enabled

Compilation events (10 events):
Event: 2.036 Thread 0x0000000014e5b800 nmethod 358 0x00000000028ff510 code [0x00000000028ff660, 0x00000000028ff810]
Event: 2.036 Thread 0x0000000014e5b800  359       3       me.extain.game.objects.component.Collider::getY (5 bytes)
Event: 2.036 Thread 0x0000000014e5b800 nmethod 359 0x00000000028ff890 code [0x00000000028ff9e0, 0x00000000028ffb30]
Event: 2.036 Thread 0x0000000014e5b800  363       1       me.extain.game.objects.component.Collider::getHalfWidth (5 bytes)
Event: 2.036 Thread 0x0000000014e5b800 nmethod 363 0x00000000028ffbd0 code [0x00000000028ffd20, 0x00000000028ffe30]
Event: 2.036 Thread 0x0000000014e5b800  362       1       me.extain.game.objects.component.Collider::getX (5 bytes)
Event: 2.036 Thread 0x0000000014e5b800 nmethod 362 0x00000000028ffe90 code [0x00000000028fffe0, 0x00000000029000f0]
Event: 2.036 Thread 0x0000000014e5b800  360       3       me.extain.game.objects.component.Collider::getHalfHeight (5 bytes)
Event: 2.036 Thread 0x0000000014e5b800 nmethod 360 0x0000000002900150 code [0x00000000029002a0, 0x00000000029003f0]
Event: 2.037 Thread 0x0000000014e0c000 nmethod 361 0x0000000002903150 code [0x0000000002903280, 0x0000000002903338]

GC Heap History (0 events):
No events

Deoptimization events (1 events):
Event: 1.493 Thread 0x0000000002570800 Uncommon trap: reason=null_check action=make_not_entrant pc=0x00000000028bf89c method=java.lang.String.equals(Ljava/lang/Object;)Z @ 8

Internal exceptions (10 events):
Event: 0.239 Thread 0x0000000002570800 Exception <a 'java/lang/NoSuchMethodError': Method sun.misc.Unsafe.prefetchRead(Ljava/lang/Object;J)V name or signature does not match> (0x00000000eab07fa8) thrown at [D:\re\workspace\8-2-build-windows-amd64-cygwin\jdk8u92\6642\hotspot\src\share\vm\prims\j¿~≠µxB·?
Event: 0.539 Thread 0x0000000002570800 Exception <a 'java/security/PrivilegedActionException'> (0x00000000eab91e78) thrown at [D:\re\workspace\8-2-build-windows-amd64-cygwin\jdk8u92\6642\hotspot\src\share\vm\prims\jvm.cpp, line 1386]
Event: 0.539 Thread 0x0000000002570800 Exception <a 'java/security/PrivilegedActionException'> (0x00000000eab92088) thrown at [D:\re\workspace\8-2-build-windows-amd64-cygwin\jdk8u92\6642\hotspot\src\share\vm\prims\jvm.cpp, line 1386]
Event: 0.544 Thread 0x0000000002570800 Exception <a 'java/security/PrivilegedActionException'> (0x00000000eab95c30) thrown at [D:\re\workspace\8-2-build-windows-amd64-cygwin\jdk8u92\6642\hotspot\src\share\vm\prims\jvm.cpp, line 1386]
Event: 0.544 Thread 0x0000000002570800 Exception <a 'java/security/PrivilegedActionException'> (0x00000000eab95e40) thrown at [D:\re\workspace\8-2-build-windows-amd64-cygwin\jdk8u92\6642\hotspot\src\share\vm\prims\jvm.cpp, line 1386]
Event: 0.574 Thread 0x0000000002570800 Exception <a 'java/io/FileNotFoundException'> (0x00000000eab98308) thrown at [D:\re\workspace\8-2-build-windows-amd64-cygwin\jdk8u92\6642\hotspot\src\share\vm\prims\jni.cpp, line 709]
Event: 0.690 Thread 0x0000000002570800 Exception <a 'java/lang/NoSuchFieldError': method resolution failed> (0x00000000eacb7940) thrown at [D:\re\workspace\8-2-build-windows-amd64-cygwin\jdk8u92\6642\hotspot\src\share\vm\prims\methodHandles.cpp, line 1146]
Event: 0.696 Thread 0x0000000002570800 Exception <a 'java/lang/NoSuchFieldError': method resolution failed> (0x00000000eacc4fe8) thrown at [D:\re\workspace\8-2-build-windows-amd64-cygwin\jdk8u92\6642\hotspot\src\share\vm\prims\methodHandles.cpp, line 1146]
Event: 0.815 Thread 0x0000000002570800 Exception <a 'java/io/FileNotFoundException'> (0x00000000ead59a78) thrown at [D:\re\workspace\8-2-build-windows-amd64-cygwin\jdk8u92\6642\hotspot\src\share\vm\prims\jni.cpp, line 709]
Event: 1.493 Thread 0x0000000002570800 Implicit null exception at 0x00000000028bf6db to 0x00000000028bf88d

Events (10 events):
Event: 2.005 loading class sun/font/T2KFontScaler
Event: 2.005 loading class sun/font/T2KFontScaler done
Event: 2.006 loading class sun/font/T2KFontScaler$1
Event: 2.006 loading class sun/font/T2KFontScaler$1 done
Event: 2.023 loading class sun/awt/image/MultiResolutionImage
Event: 2.024 loading class sun/awt/image/MultiResolutionImage done
Event: 2.024 loading class sun/awt/image/ToolkitImage
Event: 2.024 loading class sun/awt/image/ToolkitImage done
Event: 2.030 loading class me/extain/game/utils/Utils
Event: 2.030 loading class me/extain/game/utils/Utils done


Dynamic libraries:
0x00007ff7230a0000 - 0x00007ff7230d7000 	C:\Program Files\Java\jre1.8.0_92\bin\javaw.exe
0x00007ffa606f0000 - 0x00007ffa608c1000 	C:\WINDOWS\SYSTEM32\ntdll.dll
0x00007ffa5f3e0000 - 0x00007ffa5f48b000 	C:\WINDOWS\System32\KERNEL32.DLL
0x00007ffa5d6d0000 - 0x00007ffa5d8ed000 	C:\WINDOWS\System32\KERNELBASE.dll
0x00007ffa60640000 - 0x00007ffa606e2000 	C:\WINDOWS\System32\ADVAPI32.dll
0x00007ffa5f6b0000 - 0x00007ffa5f74e000 	C:\WINDOWS\System32\msvcrt.dll
0x00007ffa5f300000 - 0x00007ffa5f359000 	C:\WINDOWS\System32\sechost.dll
0x00007ffa5f580000 - 0x00007ffa5f6a1000 	C:\WINDOWS\System32\RPCRT4.dll
0x00007ffa5dc80000 - 0x00007ffa5dde5000 	C:\WINDOWS\System32\USER32.dll
0x00007ffa5d430000 - 0x00007ffa5d44e000 	C:\WINDOWS\System32\win32u.dll
0x00007ffa602c0000 - 0x00007ffa602f4000 	C:\WINDOWS\System32\GDI32.dll
0x00007ffa5da90000 - 0x00007ffa5dc12000 	C:\WINDOWS\System32\gdi32full.dll
0x00007ffa4a6c0000 - 0x00007ffa4a93a000 	C:\WINDOWS\WinSxS\amd64_microsoft.windows.common-controls_6595b64144ccf1df_6.0.14393.953_none_42151e83c686086b\COMCTL32.dll
0x00007ffa5fe40000 - 0x00007ffa60108000 	C:\WINDOWS\System32\combase.dll
0x00007ffa5d8f0000 - 0x00007ffa5d9e5000 	C:\WINDOWS\System32\ucrtbase.dll
0x00007ffa5d310000 - 0x00007ffa5d37a000 	C:\WINDOWS\System32\bcryptPrimitives.dll
0x00007ffa5f970000 - 0x00007ffa5f99e000 	C:\WINDOWS\System32\IMM32.DLL
0x00000000503a0000 - 0x0000000050472000 	C:\Program Files\Java\jre1.8.0_92\bin\msvcr100.dll
0x0000000050800000 - 0x0000000051096000 	C:\Program Files\Java\jre1.8.0_92\bin\server\jvm.dll
0x00007ffa60210000 - 0x00007ffa60218000 	C:\WINDOWS\System32\PSAPI.DLL
0x00007ffa5ab80000 - 0x00007ffa5ab89000 	C:\WINDOWS\SYSTEM32\WSOCK32.dll
0x00007ffa5f4f0000 - 0x00007ffa5f55a000 	C:\WINDOWS\System32\WS2_32.dll
0x00007ffa5ab50000 - 0x00007ffa5ab73000 	C:\WINDOWS\SYSTEM32\WINMM.dll
0x00007ffa566c0000 - 0x00007ffa566ca000 	C:\WINDOWS\SYSTEM32\VERSION.dll
0x00007ffa5aac0000 - 0x00007ffa5aaeb000 	C:\WINDOWS\SYSTEM32\WINMMBASE.dll
0x00007ffa5d2c0000 - 0x00007ffa5d302000 	C:\WINDOWS\System32\cfgmgr32.dll
0x0000000050710000 - 0x000000005071f000 	C:\Program Files\Java\jre1.8.0_92\bin\verify.dll
0x00000000506e0000 - 0x0000000050709000 	C:\Program Files\Java\jre1.8.0_92\bin\java.dll
0x00000000506c0000 - 0x00000000506d6000 	C:\Program Files\Java\jre1.8.0_92\bin\zip.dll
0x00007ffa5ddf0000 - 0x00007ffa5f2f8000 	C:\WINDOWS\System32\SHELL32.dll
0x00007ffa5cbe0000 - 0x00007ffa5d2ba000 	C:\WINDOWS\System32\windows.storage.dll
0x00007ffa5cb50000 - 0x00007ffa5cb9c000 	C:\WINDOWS\System32\powrprof.dll
0x00007ffa604a0000 - 0x00007ffa604f2000 	C:\WINDOWS\System32\shlwapi.dll
0x00007ffa5cbd0000 - 0x00007ffa5cbdf000 	C:\WINDOWS\System32\kernel.appcore.dll
0x00007ffa5d620000 - 0x00007ffa5d6c9000 	C:\WINDOWS\System32\shcore.dll
0x00007ffa5cba0000 - 0x00007ffa5cbb4000 	C:\WINDOWS\System32\profapi.dll
0x0000000050200000 - 0x0000000050398000 	C:\Program Files\Java\jre1.8.0_92\bin\awt.dll
0x00007ffa5f8b0000 - 0x00007ffa5f96f000 	C:\WINDOWS\System32\OLEAUT32.dll
0x00007ffa5d9f0000 - 0x00007ffa5da8c000 	C:\WINDOWS\System32\msvcp_win.dll
0x00007ffa5b0f0000 - 0x00007ffa5b16a000 	C:\WINDOWS\SYSTEM32\apphelp.dll
0x00007ffa5aa30000 - 0x00007ffa5aa56000 	C:\WINDOWS\system32\DWMAPI.DLL
0x00007ffa5b330000 - 0x00007ffa5b3c5000 	C:\WINDOWS\system32\uxtheme.dll
0x00007ffa5f750000 - 0x00007ffa5f8aa000 	C:\WINDOWS\System32\MSCTF.dll
0x00007ffa60500000 - 0x00007ffa60637000 	C:\WINDOWS\System32\ole32.dll
0x00007ffa35ef0000 - 0x00007ffa3607d000 	C:\WINDOWS\system32\d3d9.dll
0x00007ffa34e30000 - 0x00007ffa35eec000 	C:\WINDOWS\System32\DriverStore\FileRepository\nv_dispiwu.inf_amd64_b67dc924fff8de6d\nvd3dumx.dll
0x00007ffa51250000 - 0x00007ffa51419000 	C:\WINDOWS\system32\nvspcap64.dll
0x00007ffa5fa10000 - 0x00007ffa5fe39000 	C:\WINDOWS\System32\SETUPAPI.dll
0x00007ffa592b0000 - 0x00007ffa5937d000 	C:\WINDOWS\SYSTEM32\WINHTTP.dll
0x00007ffa53280000 - 0x00007ffa5367b000 	C:\WINDOWS\system32\nvapi64.dll
0x00007ffa5bad0000 - 0x00007ffa5bb6f000 	C:\WINDOWS\SYSTEM32\dxgi.dll
0x00007ffa53ca0000 - 0x00007ffa53d86000 	C:\Program Files (x86)\NVIDIA Corporation\3D Vision\nvSCPAPI64.dll
0x00000000501b0000 - 0x00000000501f7000 	C:\Program Files\Java\jre1.8.0_92\bin\fontmanager.dll
0x00000000506a0000 - 0x00000000506ba000 	C:\Program Files\Java\jre1.8.0_92\bin\net.dll
0x00007ffa5c420000 - 0x00007ffa5c47c000 	C:\WINDOWS\system32\mswsock.dll
0x0000000050680000 - 0x0000000050691000 	C:\Program Files\Java\jre1.8.0_92\bin\nio.dll
0x0000000050160000 - 0x00000000501a2000 	C:\Program Files\Java\jre1.8.0_92\bin\t2k.dll
0x00007ffa58200000 - 0x00007ffa58392000 	C:\WINDOWS\SYSTEM32\dbghelp.dll

VM Arguments:
jvm_args: -Dfile.encoding=Cp1252 
java_command: me.extain.game.Main
java_class_path (initial): C:\Users\Levi\Desktop\Ludum Dare\Ludum Dare 38\bin
Launcher Type: SUN_STANDARD

Environment Variables:
PATH=C:/Program Files/Java/jre1.8.0_92/bin/server;C:/Program Files/Java/jre1.8.0_92/bin;C:/Program Files/Java/jre1.8.0_92/lib/amd64;C:\Program Files (x86)\Razer Chroma SDK\bin;C:\Program Files\Razer Chroma SDK\bin;C:\ProgramData\Oracle\Java\javapath;C:\Windows\system32;C:\Windows;C:\Windows\System32\Wbem;C:\Windows\System32\WindowsPowerShell\v1.0\;C:\Program Files (x86)\Skype\Phone\;C:\Program Files (x86)\MySQL\MySQL Fabric 1.5 & MySQL Utilities 1.5\;C:\Program Files (x86)\MySQL\MySQL Fabric 1.5 & MySQL Utilities 1.5\Doctrine extensions for PHP\;C:\Users\Levi\.dnx\bin;C:\Program Files\Microsoft DNX\Dnvm\;C:\Program Files\Microsoft SQL Server\130\Tools\Binn\;C:\WINDOWS\system32;C:\WINDOWS;C:\WINDOWS\System32\Wbem;C:\WINDOWS\System32\WindowsPowerShell\v1.0\;C:\Program Files\Git\cmd;C:\Program Files (x86)\NVIDIA Corporation\PhysX\Common;C:\Program Files (x86)\GtkSharp\2.12\bin;C:\Users\Levi\AppData\Local\Microsoft\WindowsApps;C:\Users\Levi\AppData\Local\Microsoft\WindowsApps;;C:\WINDOWS\system32;
USERNAME=Levi
OS=Windows_NT
PROCESSOR_IDENTIFIER=Intel64 Family 6 Model 15 Stepping 11, GenuineIntel



---------------  S Y S T E M  ---------------

OS: Windows 10.0 , 64 bit Build 14393 (10.0.14393.0)

CPU:total 4 (4 cores per cpu, 1 threads per core) family 6 model 15 stepping 11, cmov, cx8, fxsr, mmx, sse, sse2, sse3, ssse3, tsc

Memory: 4k page, physical 4193252k(790304k free), swap 8300392k(1335328k free)

vm_info: Java HotSpot(TM) 64-Bit Server VM (25.92-b14) for windows-amd64 JRE (1.8.0_92-b14), built on Mar 31 2016 21:03:04 by "java_re" with MS VC++ 10.0 (VS2010)

time: Sat Apr 22 04:25:46 2017
elapsed time: 2 seconds (0d 0h 0m 2s)

