#
# A fatal error has been detected by the Java Runtime Environment:
#
#  EXCEPTION_ACCESS_VIOLATION (0xc0000005) at pc=0xffffffffa39b5120, pid=16220, tid=0x000000000000226c
#
# JRE version: Java(TM) SE Runtime Environment (8.0_92-b14) (build 1.8.0_92-b14)
# Java VM: Java HotSpot(TM) 64-Bit Server VM (25.92-b14 mixed mode windows-amd64 compressed oops)
# Problematic frame:
# C  0xffffffffa39b5120
#
# Failed to write core dump. Minidumps are not enabled by default on client versions of Windows
#
# If you would like to submit a bug report, please visit:
#   http://bugreport.java.com/bugreport/crash.jsp
#

---------------  T H R E A D  ---------------

Current thread (0x0000000016dab000):  JavaThread "AWT-Windows" daemon [_thread_in_Java, id=8812, stack(0x00000000173c0000,0x00000000174c0000)]

siginfo: ExceptionCode=0xc0000005, ExceptionInformation=0x0000000000000008 0xffffffffa39b5120

Registers:
RAX=0x000000010001bcf8, RBX=0x00000000147c15d0, RCX=0x0000000000000001, RDX=0x00000000ead9c8d0
RSP=0x00000000174bdea8, RBP=0x00000000174be088, RSI=0x0000000014ac8f50, RDI=0x00000000000004a1
R8 =0x0000000000000001, R9 =0x00000000000003f0, R10=0x00000000eada0e50, R11=0x0000000000000000
R12=0x0000000000000000, R13=0x0000000000000128, R14=0x00000000000004a1, R15=0x0000000016dab000
RIP=0xffffffffa39b5120, EFLAGS=0x0000000000010202

Top of Stack: (sp=0x00000000174bdea8)
0x00000000174bdea8:   0000000002b29d14 00000000174bdeb0
0x00000000174bdeb8:   000000001477eb20 00000000174bdf00
0x00000000174bdec8:   000000001483c7e0 0000000000000000
0x00000000174bded8:   000000001477eb28 0000000000000000
0x00000000174bdee8:   00000000174bdf00 00000000010005d9
0x00000000174bdef8:   00000000ead9c8d0 00000000eada0e40
0x00000000174bdf08:   00000000eab4e940 0000000000000001
0x00000000174bdf18:   00000000ead9d8d0 000000001483c7e0
0x00000000174bdf28:   0000000000000000 0000000000000000
0x00000000174bdf38:   00000000ead9f0a0 00000000174bdf60
0x00000000174bdf48:   00000000174be088 00000000174be088
0x00000000174bdf58:   0000000002b2aa1c 0000000000000001
0x00000000174bdf68:   000000000000006c 0000000000000008
0x00000000174bdf78:   00000000eada0401 00000000174bdf00
0x00000000174bdf88:   00000001000d6000 00000001000d6000
0x00000000174bdf98:   0000000016dab000 0000000014ca98f8 

Instructions: (pc=0xffffffffa39b5120)
0xffffffffa39b5100:   
[error occurred during error reporting (printing registers, top of stack, instructions near pc), id 0xc0000005]

Register to memory mapping:

RAX=0x000000010001bcf8 is pointing into metadata
RBX={method} {0x00000000147c15d8} 'afterNodeInsertion' '(Z)V' in 'java/util/HashMap'
RCX=0x0000000000000001 is an unknown value
RDX=0x00000000ead9c8d0 is an oop
java.util.HashMap 
 - klass: 'java/util/HashMap'
RSP=0x00000000174bdea8 is pointing into the stack for thread: 0x0000000016dab000
RBP=0x00000000174be088 is pointing into the stack for thread: 0x0000000016dab000
RSI=0x0000000014ac8f50 is pointing into metadata
RDI=0x00000000000004a1 is an unknown value
R8 =0x0000000000000001 is an unknown value
R9 =0x00000000000003f0 is an unknown value
R10=0x00000000eada0e50 is an oop
java.util.HashMap$Node 
 - klass: 'java/util/HashMap$Node'
R11=0x0000000000000000 is an unknown value
R12=0x0000000000000000 is an unknown value
R13=0x0000000000000128 is an unknown value
R14=0x00000000000004a1 is an unknown value
R15=0x0000000016dab000 is a thread


Stack: [0x00000000173c0000,0x00000000174c0000],  sp=0x00000000174bdea8,  free space=1015k
Native frames: (J=compiled Java code, j=interpreted, Vv=VM code, C=native code)
C  0xffffffffa39b5120


---------------  P R O C E S S  ---------------

Java Threads: ( => current thread )
=>0x0000000016dab000 JavaThread "AWT-Windows" daemon [_thread_in_Java, id=8812, stack(0x00000000173c0000,0x00000000174c0000)]
  0x0000000016da8800 JavaThread "AWT-Shutdown" [_thread_blocked, id=6816, stack(0x00000000172c0000,0x00000000173c0000)]
  0x0000000016da6800 JavaThread "Java2D Disposer" daemon [_thread_blocked, id=12992, stack(0x00000000171c0000,0x00000000172c0000)]
  0x0000000016a18800 JavaThread "Service Thread" daemon [_thread_blocked, id=13028, stack(0x0000000016de0000,0x0000000016ee0000)]
  0x0000000015089000 JavaThread "C1 CompilerThread2" daemon [_thread_blocked, id=11804, stack(0x00000000168e0000,0x00000000169e0000)]
  0x0000000015086000 JavaThread "C2 CompilerThread1" daemon [_thread_blocked, id=15392, stack(0x00000000167e0000,0x00000000168e0000)]
  0x000000001507b000 JavaThread "C2 CompilerThread0" daemon [_thread_blocked, id=14836, stack(0x00000000166e0000,0x00000000167e0000)]
  0x0000000015079000 JavaThread "Attach Listener" daemon [_thread_blocked, id=9276, stack(0x00000000165e0000,0x00000000166e0000)]
  0x0000000015085000 JavaThread "Signal Dispatcher" daemon [_thread_blocked, id=16272, stack(0x00000000164e0000,0x00000000165e0000)]
  0x000000001506a000 JavaThread "Finalizer" daemon [_thread_blocked, id=892, stack(0x00000000162f0000,0x00000000163f0000)]
  0x000000000299f000 JavaThread "Reference Handler" daemon [_thread_blocked, id=16208, stack(0x00000000161f0000,0x00000000162f0000)]
  0x00000000028b0800 JavaThread "main" [_thread_in_native, id=14232, stack(0x00000000026d0000,0x00000000027d0000)]

Other Threads:
  0x0000000015047800 VMThread [stack: 0x00000000160f0000,0x00000000161f0000] [id=5188]
  0x0000000016a19800 WatcherThread [stack: 0x0000000016ee0000,0x0000000016fe0000] [id=16340]

VM state:not at safepoint (normal execution)

VM Mutex/Monitor currently owned by a thread: None

Heap:
 PSYoungGen      total 18944K, used 3606K [0x00000000eab00000, 0x00000000ec000000, 0x0000000100000000)
  eden space 16384K, 22% used [0x00000000eab00000,0x00000000eae85958,0x00000000ebb00000)
  from space 2560K, 0% used [0x00000000ebd80000,0x00000000ebd80000,0x00000000ec000000)
  to   space 2560K, 0% used [0x00000000ebb00000,0x00000000ebb00000,0x00000000ebd80000)
 ParOldGen       total 44032K, used 0K [0x00000000c0000000, 0x00000000c2b00000, 0x00000000eab00000)
  object space 44032K, 0% used [0x00000000c0000000,0x00000000c0000000,0x00000000c2b00000)
 Metaspace       used 6633K, capacity 6822K, committed 7040K, reserved 1056768K
  class space    used 788K, capacity 868K, committed 896K, reserved 1048576K

Card table byte_map: [0x0000000011d70000,0x0000000011f80000] byte_map_base: 0x0000000011770000

Marking Bits: (ParMarkBitMap*) 0x00000000513664f0
 Begin Bits: [0x00000000124e0000, 0x00000000134e0000)
 End Bits:   [0x00000000134e0000, 0x00000000144e0000)

Polling page: 0x00000000027d0000

CodeCache: size=245760Kb used=1621Kb max_used=1621Kb free=244138Kb
 bounds [0x00000000029b0000, 0x0000000002c20000, 0x00000000119b0000]
 total_blobs=620 nmethods=273 adapters=262
 compilation: enabled

Compilation events (10 events):
Event: 0.516 Thread 0x0000000015089000  269       3       sun.util.logging.PlatformLogger$DefaultLoggerProxy::isLoggable (29 bytes)
Event: 0.516 Thread 0x0000000015089000 nmethod 269 0x0000000002b43c50 code [0x0000000002b43de0, 0x0000000002b44310]
Event: 0.519 Thread 0x0000000015089000  270       3       java.lang.Integer::valueOf (32 bytes)
Event: 0.519 Thread 0x0000000015089000 nmethod 270 0x0000000002b446d0 code [0x0000000002b44840, 0x0000000002b44b90]
Event: 0.519 Thread 0x0000000015089000  271       1       java.util.HashMap::afterNodeInsertion (1 bytes)
Event: 0.519 Thread 0x0000000015089000 nmethod 271 0x0000000002b44d50 code [0x0000000002b44ea0, 0x0000000002b44fb0]
Event: 0.519 Thread 0x0000000015089000  273       3       java.lang.Integer::<init> (10 bytes)
Event: 0.519 Thread 0x0000000015089000 nmethod 273 0x0000000002b45010 code [0x0000000002b45180, 0x0000000002b45390]
Event: 0.519 Thread 0x0000000015089000  272       3       java.lang.Integer::hashCode (8 bytes)
Event: 0.519 Thread 0x0000000015089000 nmethod 272 0x0000000002b45450 code [0x0000000002b455a0, 0x0000000002b45750]

GC Heap History (0 events):
No events

Deoptimization events (1 events):
Event: 0.488 Thread 0x00000000028b0800 Uncommon trap: reason=null_check action=make_not_entrant pc=0x0000000002b28838 method=java.lang.String.equals(Ljava/lang/Object;)Z @ 8

Internal exceptions (10 events):
Event: 0.063 Thread 0x00000000028b0800 Exception <a 'java/lang/NoSuchMethodError': Method sun.misc.Unsafe.prefetchRead(Ljava/lang/Object;J)V name or signature does not match> (0x00000000eab07fa8) thrown at [D:\re\workspace\8-2-build-windows-amd64-cygwin\jdk8u92\6642\hotspot\src\share\vm\prims\jQX	n”ÙÉ?
Event: 0.202 Thread 0x00000000028b0800 Exception <a 'java/security/PrivilegedActionException'> (0x00000000eab90af0) thrown at [D:\re\workspace\8-2-build-windows-amd64-cygwin\jdk8u92\6642\hotspot\src\share\vm\prims\jvm.cpp, line 1386]
Event: 0.202 Thread 0x00000000028b0800 Exception <a 'java/security/PrivilegedActionException'> (0x00000000eab90d00) thrown at [D:\re\workspace\8-2-build-windows-amd64-cygwin\jdk8u92\6642\hotspot\src\share\vm\prims\jvm.cpp, line 1386]
Event: 0.204 Thread 0x00000000028b0800 Exception <a 'java/security/PrivilegedActionException'> (0x00000000eab948a8) thrown at [D:\re\workspace\8-2-build-windows-amd64-cygwin\jdk8u92\6642\hotspot\src\share\vm\prims\jvm.cpp, line 1386]
Event: 0.205 Thread 0x00000000028b0800 Exception <a 'java/security/PrivilegedActionException'> (0x00000000eab94ab8) thrown at [D:\re\workspace\8-2-build-windows-amd64-cygwin\jdk8u92\6642\hotspot\src\share\vm\prims\jvm.cpp, line 1386]
Event: 0.218 Thread 0x00000000028b0800 Exception <a 'java/io/FileNotFoundException'> (0x00000000eab96f80) thrown at [D:\re\workspace\8-2-build-windows-amd64-cygwin\jdk8u92\6642\hotspot\src\share\vm\prims\jni.cpp, line 709]
Event: 0.301 Thread 0x00000000028b0800 Exception <a 'java/lang/NoSuchFieldError': method resolution failed> (0x00000000eacb6600) thrown at [D:\re\workspace\8-2-build-windows-amd64-cygwin\jdk8u92\6642\hotspot\src\share\vm\prims\methodHandles.cpp, line 1146]
Event: 0.304 Thread 0x00000000028b0800 Exception <a 'java/lang/NoSuchFieldError': method resolution failed> (0x00000000eacc39d0) thrown at [D:\re\workspace\8-2-build-windows-amd64-cygwin\jdk8u92\6642\hotspot\src\share\vm\prims\methodHandles.cpp, line 1146]
Event: 0.365 Thread 0x00000000028b0800 Exception <a 'java/io/FileNotFoundException'> (0x00000000ead58268) thrown at [D:\re\workspace\8-2-build-windows-amd64-cygwin\jdk8u92\6642\hotspot\src\share\vm\prims\jni.cpp, line 709]
Event: 0.488 Thread 0x00000000028b0800 Implicit null exception at 0x0000000002b28662 to 0x0000000002b28829

Events (10 events):
Event: 0.517 loading class sun/awt/windows/WWindowPeer done
Event: 0.517 loading class sun/awt/windows/WFramePeer done
Event: 0.518 loading class sun/awt/windows/WWindowPeer$ActiveWindowListener
Event: 0.518 loading class sun/awt/windows/WWindowPeer$ActiveWindowListener done
Event: 0.518 loading class sun/awt/windows/WWindowPeer$GuiDisposedListener
Event: 0.518 loading class sun/awt/windows/WWindowPeer$GuiDisposedListener done
Event: 0.518 loading class sun/awt/RepaintArea
Event: 0.518 loading class sun/awt/RepaintArea done
Event: 0.518 loading class sun/awt/ExtendedKeyCodes
Event: 0.519 loading class sun/awt/ExtendedKeyCodes done


Dynamic libraries:
0x00007ff66fdd0000 - 0x00007ff66fe07000 	C:\Program Files\Java\jre1.8.0_92\bin\javaw.exe
0x00007ffa606f0000 - 0x00007ffa608c1000 	C:\WINDOWS\SYSTEM32\ntdll.dll
0x00007ffa5f3e0000 - 0x00007ffa5f48b000 	C:\WINDOWS\System32\KERNEL32.DLL
0x00007ffa5d6d0000 - 0x00007ffa5d8ed000 	C:\WINDOWS\System32\KERNELBASE.dll
0x00007ffa60640000 - 0x00007ffa606e2000 	C:\WINDOWS\System32\ADVAPI32.dll
0x00007ffa5f6b0000 - 0x00007ffa5f74e000 	C:\WINDOWS\System32\msvcrt.dll
0x00007ffa5f300000 - 0x00007ffa5f359000 	C:\WINDOWS\System32\sechost.dll
0x00007ffa5f580000 - 0x00007ffa5f6a1000 	C:\WINDOWS\System32\RPCRT4.dll
0x00007ffa5dc80000 - 0x00007ffa5dde5000 	C:\WINDOWS\System32\USER32.dll
0x00007ffa5d430000 - 0x00007ffa5d44e000 	C:\WINDOWS\System32\win32u.dll
0x00007ffa602c0000 - 0x00007ffa602f4000 	C:\WINDOWS\System32\GDI32.dll
0x00007ffa5da90000 - 0x00007ffa5dc12000 	C:\WINDOWS\System32\gdi32full.dll
0x00007ffa4a6c0000 - 0x00007ffa4a93a000 	C:\WINDOWS\WinSxS\amd64_microsoft.windows.common-controls_6595b64144ccf1df_6.0.14393.953_none_42151e83c686086b\COMCTL32.dll
0x00007ffa5fe40000 - 0x00007ffa60108000 	C:\WINDOWS\System32\combase.dll
0x00007ffa5d8f0000 - 0x00007ffa5d9e5000 	C:\WINDOWS\System32\ucrtbase.dll
0x00007ffa5d310000 - 0x00007ffa5d37a000 	C:\WINDOWS\System32\bcryptPrimitives.dll
0x00007ffa5f970000 - 0x00007ffa5f99e000 	C:\WINDOWS\System32\IMM32.DLL
0x00000000508b0000 - 0x0000000050982000 	C:\Program Files\Java\jre1.8.0_92\bin\msvcr100.dll
0x0000000050b50000 - 0x00000000513e6000 	C:\Program Files\Java\jre1.8.0_92\bin\server\jvm.dll
0x00007ffa60210000 - 0x00007ffa60218000 	C:\WINDOWS\System32\PSAPI.DLL
0x00007ffa5ab80000 - 0x00007ffa5ab89000 	C:\WINDOWS\SYSTEM32\WSOCK32.dll
0x00007ffa5f4f0000 - 0x00007ffa5f55a000 	C:\WINDOWS\System32\WS2_32.dll
0x00007ffa5ab50000 - 0x00007ffa5ab73000 	C:\WINDOWS\SYSTEM32\WINMM.dll
0x00007ffa566c0000 - 0x00007ffa566ca000 	C:\WINDOWS\SYSTEM32\VERSION.dll
0x0000000002670000 - 0x000000000269b000 	C:\WINDOWS\SYSTEM32\WINMMBASE.dll
0x00007ffa5d2c0000 - 0x00007ffa5d302000 	C:\WINDOWS\System32\cfgmgr32.dll
0x0000000050a60000 - 0x0000000050a6f000 	C:\Program Files\Java\jre1.8.0_92\bin\verify.dll
0x0000000050a30000 - 0x0000000050a59000 	C:\Program Files\Java\jre1.8.0_92\bin\java.dll
0x0000000050a10000 - 0x0000000050a26000 	C:\Program Files\Java\jre1.8.0_92\bin\zip.dll
0x00007ffa5ddf0000 - 0x00007ffa5f2f8000 	C:\WINDOWS\System32\SHELL32.dll
0x00007ffa5cbe0000 - 0x00007ffa5d2ba000 	C:\WINDOWS\System32\windows.storage.dll
0x00007ffa5cb50000 - 0x00007ffa5cb9c000 	C:\WINDOWS\System32\powrprof.dll
0x00007ffa604a0000 - 0x00007ffa604f2000 	C:\WINDOWS\System32\shlwapi.dll
0x00007ffa5cbd0000 - 0x00007ffa5cbdf000 	C:\WINDOWS\System32\kernel.appcore.dll
0x00007ffa5d620000 - 0x00007ffa5d6c9000 	C:\WINDOWS\System32\shcore.dll
0x00007ffa5cba0000 - 0x00007ffa5cbb4000 	C:\WINDOWS\System32\profapi.dll
0x0000000050710000 - 0x00000000508a8000 	C:\Program Files\Java\jre1.8.0_92\bin\awt.dll
0x00007ffa5f8b0000 - 0x00007ffa5f96f000 	C:\WINDOWS\System32\OLEAUT32.dll
0x00007ffa5d9f0000 - 0x00007ffa5da8c000 	C:\WINDOWS\System32\msvcp_win.dll
0x00007ffa5b0f0000 - 0x00007ffa5b16a000 	C:\WINDOWS\SYSTEM32\apphelp.dll
0x00007ffa5aa30000 - 0x00007ffa5aa56000 	C:\WINDOWS\system32\DWMAPI.DLL
0x00007ffa5b330000 - 0x00007ffa5b3c5000 	C:\WINDOWS\system32\uxtheme.dll
0x00007ffa5f750000 - 0x00007ffa5f8aa000 	C:\WINDOWS\System32\MSCTF.dll
0x00007ffa60500000 - 0x00007ffa60637000 	C:\WINDOWS\System32\ole32.dll
0x00007ffa35ef0000 - 0x00007ffa3607d000 	C:\WINDOWS\system32\d3d9.dll
0x00007ffa34e30000 - 0x00007ffa35eec000 	C:\WINDOWS\System32\DriverStore\FileRepository\nv_dispiwu.inf_amd64_b67dc924fff8de6d\nvd3dumx.dll
0x00007ffa51250000 - 0x00007ffa51419000 	C:\WINDOWS\system32\nvspcap64.dll
0x00007ffa5fa10000 - 0x00007ffa5fe39000 	C:\WINDOWS\System32\SETUPAPI.dll
0x00007ffa592b0000 - 0x00007ffa5937d000 	C:\WINDOWS\SYSTEM32\WINHTTP.dll
0x00007ffa53280000 - 0x00007ffa5367b000 	C:\WINDOWS\system32\nvapi64.dll
0x00007ffa5bad0000 - 0x00007ffa5bb6f000 	C:\WINDOWS\SYSTEM32\dxgi.dll
0x00007ffa53ca0000 - 0x00007ffa53d86000 	C:\Program Files (x86)\NVIDIA Corporation\3D Vision\nvSCPAPI64.dll
0x00007ffa58200000 - 0x00007ffa58392000 	C:\WINDOWS\SYSTEM32\dbghelp.dll

VM Arguments:
jvm_args: -Dfile.encoding=Cp1252 
java_command: me.extain.game.Main
java_class_path (initial): C:\Users\Levi\Desktop\Ludum Dare\Ludum Dare 38\bin
Launcher Type: SUN_STANDARD

Environment Variables:
PATH=C:/Program Files/Java/jre1.8.0_92/bin/server;C:/Program Files/Java/jre1.8.0_92/bin;C:/Program Files/Java/jre1.8.0_92/lib/amd64;C:\Program Files (x86)\Razer Chroma SDK\bin;C:\Program Files\Razer Chroma SDK\bin;C:\ProgramData\Oracle\Java\javapath;C:\Windows\system32;C:\Windows;C:\Windows\System32\Wbem;C:\Windows\System32\WindowsPowerShell\v1.0\;C:\Program Files (x86)\Skype\Phone\;C:\Program Files (x86)\MySQL\MySQL Fabric 1.5 & MySQL Utilities 1.5\;C:\Program Files (x86)\MySQL\MySQL Fabric 1.5 & MySQL Utilities 1.5\Doctrine extensions for PHP\;C:\Users\Levi\.dnx\bin;C:\Program Files\Microsoft DNX\Dnvm\;C:\Program Files\Microsoft SQL Server\130\Tools\Binn\;C:\WINDOWS\system32;C:\WINDOWS;C:\WINDOWS\System32\Wbem;C:\WINDOWS\System32\WindowsPowerShell\v1.0\;C:\Program Files\Git\cmd;C:\Program Files (x86)\NVIDIA Corporation\PhysX\Common;C:\Program Files (x86)\GtkSharp\2.12\bin;C:\Users\Levi\AppData\Local\Microsoft\WindowsApps;C:\Users\Levi\AppData\Local\Microsoft\WindowsApps;;C:\WINDOWS\system32;
USERNAME=Levi
OS=Windows_NT
PROCESSOR_IDENTIFIER=Intel64 Family 6 Model 15 Stepping 11, GenuineIntel



---------------  S Y S T E M  ---------------

OS: Windows 10.0 , 64 bit Build 14393 (10.0.14393.0)

CPU:total 4 (4 cores per cpu, 1 threads per core) family 6 model 15 stepping 11, cmov, cx8, fxsr, mmx, sse, sse2, sse3, ssse3, tsc

Memory: 4k page, physical 4193252k(1011876k free), swap 7773436k(2347148k free)

vm_info: Java HotSpot(TM) 64-Bit Server VM (25.92-b14) for windows-amd64 JRE (1.8.0_92-b14), built on Mar 31 2016 21:03:04 by "java_re" with MS VC++ 10.0 (VS2010)

time: Sat Apr 22 00:51:49 2017
elapsed time: 0 seconds (0d 0h 0m 0s)

