#
# A fatal error has been detected by the Java Runtime Environment:
#
#  EXCEPTION_ACCESS_VIOLATION (0xc0000005) at pc=0xffffffffa4175120, pid=9708, tid=0x0000000000003a48
#
# JRE version: Java(TM) SE Runtime Environment (8.0_92-b14) (build 1.8.0_92-b14)
# Java VM: Java HotSpot(TM) 64-Bit Server VM (25.92-b14 mixed mode windows-amd64 compressed oops)
# Problematic frame:
# C  0xffffffffa4175120
#
# Failed to write core dump. Minidumps are not enabled by default on client versions of Windows
#
# If you would like to submit a bug report, please visit:
#   http://bugreport.java.com/bugreport/crash.jsp
#

---------------  T H R E A D  ---------------

Current thread (0x000000001797f800):  JavaThread "Thread-2" [_thread_in_Java, id=14920, stack(0x000000001e090000,0x000000001e190000)]

siginfo: ExceptionCode=0xc0000005, ExceptionInformation=0x0000000000000008 0xffffffffa4175120

Registers:
RAX=0x0000000000000002, RBX=0x0000000000000002, RCX=0x000000001e294eb8, RDX=0x00000000ead5d498
RSP=0x000000001e18e9d8, RBP=0x000000001e18f080, RSI=0x000000001e292f58, RDI=0x00000000ebcd6ee8
R8 =0x0000000000000002, R9 =0x0000000000000002, R10=0x0000000100027730, R11=0x000000001e294eb8
R12=0x0000000000000000, R13=0x0000000000000308, R14=0x0000000000000574, R15=0x000000001797f800
RIP=0xffffffffa4175120, EFLAGS=0x0000000000010206

Top of Stack: (sp=0x000000001e18e9d8)
0x000000001e18e9d8:   00000000034d7dec 000000001e18f080
0x000000001e18e9e8:   00000000034d7ff4 0000000000000000
0x000000001e18e9f8:   0000000000000000 0000000000000000
0x000000001e18ea08:   0000000000000000 0000000000000000
0x000000001e18ea18:   0000000000000000 0000000000000000
0x000000001e18ea28:   0000000000000000 0000000000000000
0x000000001e18ea38:   0000000000000000 0000000000000000
0x000000001e18ea48:   0000000014fb62b8 0000000000000002
0x000000001e18ea58:   0000000014f9af18 00000000ead5d498
0x000000001e18ea68:   00000000ebcd6e60 00000000ebcd6eb8
0x000000001e18ea78:   00000000c0001548 00000000ebcee620
0x000000001e18ea88:   00000000c0001548 00000002ebcee620
0x000000001e18ea98:   0000000200000000 0000000e00000000
0x000000001e18eaa8:   0000000e00000000 0000000000000000
0x000000001e18eab8:   0000000000000000 0000000000000002
0x000000001e18eac8:   00000000ebcd6ee8 0000000000000000 

Instructions: (pc=0xffffffffa4175120)
0xffffffffa4175100:   
[error occurred during error reporting (printing registers, top of stack, instructions near pc), id 0xc0000005]

Register to memory mapping:

RAX=0x0000000000000002 is an unknown value
RBX=0x0000000000000002 is an unknown value
RCX=0x000000001e294eb8 is pointing into metadata
RDX=0x00000000ead5d498 is an oop
java.nio.HeapCharBuffer 
 - klass: 'java/nio/HeapCharBuffer'
RSP=0x000000001e18e9d8 is pointing into the stack for thread: 0x000000001797f800
RBP=0x000000001e18f080 is pointing into the stack for thread: 0x000000001797f800
RSI=0x000000001e292f58 is pointing into metadata
RDI=0x00000000ebcd6ee8 is an oop
[B 
 - klass: {type array byte}
 - length: 8192
R8 =0x0000000000000002 is an unknown value
R9 =0x0000000000000002 is an unknown value
R10=0x0000000100027730 is pointing into metadata
R11=0x000000001e294eb8 is pointing into metadata
R12=0x0000000000000000 is an unknown value
R13=0x0000000000000308 is an unknown value
R14=0x0000000000000574 is an unknown value
R15=0x000000001797f800 is a thread


Stack: [0x000000001e090000,0x000000001e190000],  sp=0x000000001e18e9d8,  free space=1018k
Native frames: (J=compiled Java code, j=interpreted, Vv=VM code, C=native code)
C  0xffffffffa4175120


---------------  P R O C E S S  ---------------

Java Threads: ( => current thread )
  0x0000000017c2b800 JavaThread "Direct Clip" daemon [_thread_blocked, id=16228, stack(0x0000000020640000,0x0000000020740000)]
  0x0000000017a60000 JavaThread "Direct Clip" daemon [_thread_blocked, id=9544, stack(0x000000001f570000,0x000000001f670000)]
  0x000000001799e800 JavaThread "Direct Clip" daemon [_thread_blocked, id=4876, stack(0x000000001ec70000,0x000000001ed70000)]
  0x0000000017997000 JavaThread "Java Sound Event Dispatcher" daemon [_thread_blocked, id=13260, stack(0x000000001e770000,0x000000001e870000)]
  0x0000000003070800 JavaThread "DestroyJavaVM" [_thread_blocked, id=16336, stack(0x0000000002ef0000,0x0000000002ff0000)]
=>0x000000001797f800 JavaThread "Thread-2" [_thread_in_Java, id=14920, stack(0x000000001e090000,0x000000001e190000)]
  0x0000000017921800 JavaThread "AWT-EventQueue-0" [_thread_blocked, id=12900, stack(0x000000001df90000,0x000000001e090000)]
  0x000000001747b000 JavaThread "AWT-Windows" daemon [_thread_in_native, id=15068, stack(0x00000000182c0000,0x00000000183c0000)]
  0x0000000017478000 JavaThread "AWT-Shutdown" [_thread_blocked, id=5140, stack(0x00000000181c0000,0x00000000182c0000)]
  0x0000000017903800 JavaThread "Java2D Disposer" daemon [_thread_blocked, id=14956, stack(0x00000000180c0000,0x00000000181c0000)]
  0x000000001589b000 JavaThread "Service Thread" daemon [_thread_blocked, id=14748, stack(0x0000000017590000,0x0000000017690000)]
  0x0000000015894000 JavaThread "C1 CompilerThread2" daemon [_thread_blocked, id=10056, stack(0x0000000017490000,0x0000000017590000)]
  0x0000000015860800 JavaThread "C2 CompilerThread1" daemon [_thread_blocked, id=6396, stack(0x0000000016f90000,0x0000000017090000)]
  0x000000001583c000 JavaThread "C2 CompilerThread0" daemon [_thread_blocked, id=3624, stack(0x0000000016e90000,0x0000000016f90000)]
  0x000000001583a800 JavaThread "Attach Listener" daemon [_thread_blocked, id=9304, stack(0x0000000016d90000,0x0000000016e90000)]
  0x0000000015839800 JavaThread "Signal Dispatcher" daemon [_thread_blocked, id=15668, stack(0x0000000016c90000,0x0000000016d90000)]
  0x000000001582a000 JavaThread "Finalizer" daemon [_thread_blocked, id=620, stack(0x0000000016aa0000,0x0000000016ba0000)]
  0x000000000315f000 JavaThread "Reference Handler" daemon [_thread_blocked, id=13368, stack(0x00000000169a0000,0x0000000016aa0000)]

Other Threads:
  0x0000000015807800 VMThread [stack: 0x00000000168a0000,0x00000000169a0000] [id=16232]
  0x000000001589e800 WatcherThread [stack: 0x0000000017690000,0x0000000017790000] [id=8836]

VM state:not at safepoint (normal execution)

VM Mutex/Monitor currently owned by a thread: None

Heap:
 PSYoungGen      total 18944K, used 5219K [0x00000000eab00000, 0x00000000ec000000, 0x0000000100000000)
  eden space 16384K, 16% used [0x00000000eab00000,0x00000000ead9e7b0,0x00000000ebb00000)
  from space 2560K, 99% used [0x00000000ebb00000,0x00000000ebd7a630,0x00000000ebd80000)
  to   space 2560K, 0% used [0x00000000ebd80000,0x00000000ebd80000,0x00000000ec000000)
 ParOldGen       total 44032K, used 2259K [0x00000000c0000000, 0x00000000c2b00000, 0x00000000eab00000)
  object space 44032K, 5% used [0x00000000c0000000,0x00000000c0234c20,0x00000000c2b00000)
 Metaspace       used 10354K, capacity 10560K, committed 10880K, reserved 1058816K
  class space    used 1245K, capacity 1320K, committed 1408K, reserved 1048576K

Card table byte_map: [0x0000000012530000,0x0000000012740000] byte_map_base: 0x0000000011f30000

Marking Bits: (ParMarkBitMap*) 0x00000000510164f0
 Begin Bits: [0x0000000012ca0000, 0x0000000013ca0000)
 End Bits:   [0x0000000013ca0000, 0x0000000014ca0000)

Polling page: 0x00000000016a0000

CodeCache: size=245760Kb used=3607Kb max_used=3618Kb free=242152Kb
 bounds [0x0000000003170000, 0x0000000003500000, 0x0000000012170000]
 total_blobs=1545 nmethods=1052 adapters=408
 compilation: enabled

Compilation events (10 events):
Event: 3.652 Thread 0x0000000015894000 1048   !   3       com.sun.media.sound.AbstractLine::getEventDispatcher (64 bytes)
Event: 3.653 Thread 0x0000000015894000 nmethod 1048 0x00000000034f5790 code [0x00000000034f5960, 0x00000000034f6378]
Event: 3.653 Thread 0x0000000015894000 1049       3       com.sun.media.sound.EventDispatcher::sendAudioEvents (35 bytes)
Event: 3.654 Thread 0x0000000015894000 nmethod 1049 0x00000000034f66d0 code [0x00000000034f68e0, 0x00000000034f7588]
Event: 3.658 Thread 0x0000000015894000 1050       3       java.lang.Object::wait (6 bytes)
Event: 3.659 Thread 0x0000000015894000 nmethod 1050 0x00000000034f7bd0 code [0x00000000034f7d40, 0x00000000034f7f48]
Event: 3.666 Thread 0x0000000015860800 1051       4       java.nio.Buffer::position (43 bytes)
Event: 3.667 Thread 0x0000000015860800 nmethod 1051 0x00000000034fac90 code [0x00000000034fadc0, 0x00000000034fae78]
Event: 3.669 Thread 0x000000001583c000 1052       4       java.nio.CharBuffer::arrayOffset (35 bytes)
Event: 3.670 Thread 0x000000001583c000 nmethod 1052 0x00000000034faf50 code [0x00000000034fb080, 0x00000000034fb118]

GC Heap History (2 events):
Event: 2.368 GC heap before
{Heap before GC invocations=1 (full 0):
 PSYoungGen      total 18944K, used 16384K [0x00000000eab00000, 0x00000000ec000000, 0x0000000100000000)
  eden space 16384K, 100% used [0x00000000eab00000,0x00000000ebb00000,0x00000000ebb00000)
  from space 2560K, 0% used [0x00000000ebd80000,0x00000000ebd80000,0x00000000ec000000)
  to   space 2560K, 0% used [0x00000000ebb00000,0x00000000ebb00000,0x00000000ebd80000)
 ParOldGen       total 44032K, used 0K [0x00000000c0000000, 0x00000000c2b00000, 0x00000000eab00000)
  object space 44032K, 0% used [0x00000000c0000000,0x00000000c0000000,0x00000000c2b00000)
 Metaspace       used 10166K, capacity 10336K, committed 10624K, reserved 1058816K
  class space    used 1222K, capacity 1288K, committed 1408K, reserved 1048576K
Event: 2.379 GC heap after
Heap after GC invocations=1 (full 0):
 PSYoungGen      total 18944K, used 2537K [0x00000000eab00000, 0x00000000ec000000, 0x0000000100000000)
  eden space 16384K, 0% used [0x00000000eab00000,0x00000000eab00000,0x00000000ebb00000)
  from space 2560K, 99% used [0x00000000ebb00000,0x00000000ebd7a630,0x00000000ebd80000)
  to   space 2560K, 0% used [0x00000000ebd80000,0x00000000ebd80000,0x00000000ec000000)
 ParOldGen       total 44032K, used 2259K [0x00000000c0000000, 0x00000000c2b00000, 0x00000000eab00000)
  object space 44032K, 5% used [0x00000000c0000000,0x00000000c0234c20,0x00000000c2b00000)
 Metaspace       used 10166K, capacity 10336K, committed 10624K, reserved 1058816K
  class space    used 1222K, capacity 1288K, committed 1408K, reserved 1048576K
}

Deoptimization events (4 events):
Event: 0.601 Thread 0x0000000003070800 Uncommon trap: reason=null_check action=make_not_entrant pc=0x00000000032e42dc method=java.lang.String.equals(Ljava/lang/Object;)Z @ 8
Event: 2.538 Thread 0x000000001797f800 Uncommon trap: reason=unstable_if action=reinterpret pc=0x000000000345af50 method=sun.awt.image.SurfaceManager.getManager(Ljava/awt/Image;)Lsun/awt/image/SurfaceManager; @ 9
Event: 3.413 Thread 0x000000001797f800 Uncommon trap: reason=unstable_if action=reinterpret pc=0x00000000034998ac method=java.util.ArrayList.indexOf(Ljava/lang/Object;)I @ 41
Event: 3.545 Thread 0x000000001797f800 Uncommon trap: reason=unstable_if action=reinterpret pc=0x000000000346c8b8 method=sun.awt.image.SurfaceManager.getManager(Ljava/awt/Image;)Lsun/awt/image/SurfaceManager; @ 9

Internal exceptions (10 events):
Event: 0.260 Thread 0x0000000003070800 Exception <a 'java/security/PrivilegedActionException'> (0x00000000eab92540) thrown at [D:\re\workspace\8-2-build-windows-amd64-cygwin\jdk8u92\6642\hotspot\src\share\vm\prims\jvm.cpp, line 1386]
Event: 0.260 Thread 0x0000000003070800 Exception <a 'java/security/PrivilegedActionException'> (0x00000000eab92750) thrown at [D:\re\workspace\8-2-build-windows-amd64-cygwin\jdk8u92\6642\hotspot\src\share\vm\prims\jvm.cpp, line 1386]
Event: 0.263 Thread 0x0000000003070800 Exception <a 'java/security/PrivilegedActionException'> (0x00000000eab962f8) thrown at [D:\re\workspace\8-2-build-windows-amd64-cygwin\jdk8u92\6642\hotspot\src\share\vm\prims\jvm.cpp, line 1386]
Event: 0.263 Thread 0x0000000003070800 Exception <a 'java/security/PrivilegedActionException'> (0x00000000eab96508) thrown at [D:\re\workspace\8-2-build-windows-amd64-cygwin\jdk8u92\6642\hotspot\src\share\vm\prims\jvm.cpp, line 1386]
Event: 0.281 Thread 0x0000000003070800 Exception <a 'java/io/FileNotFoundException'> (0x00000000eab989d0) thrown at [D:\re\workspace\8-2-build-windows-amd64-cygwin\jdk8u92\6642\hotspot\src\share\vm\prims\jni.cpp, line 709]
Event: 0.368 Thread 0x0000000003070800 Exception <a 'java/lang/NoSuchFieldError': method resolution failed> (0x00000000eacb8008) thrown at [D:\re\workspace\8-2-build-windows-amd64-cygwin\jdk8u92\6642\hotspot\src\share\vm\prims\methodHandles.cpp, line 1146]
Event: 0.373 Thread 0x0000000003070800 Exception <a 'java/lang/NoSuchFieldError': method resolution failed> (0x00000000eacc56b0) thrown at [D:\re\workspace\8-2-build-windows-amd64-cygwin\jdk8u92\6642\hotspot\src\share\vm\prims\methodHandles.cpp, line 1146]
Event: 0.455 Thread 0x0000000003070800 Exception <a 'java/io/FileNotFoundException'> (0x00000000ead59f48) thrown at [D:\re\workspace\8-2-build-windows-amd64-cygwin\jdk8u92\6642\hotspot\src\share\vm\prims\jni.cpp, line 709]
Event: 0.601 Thread 0x0000000003070800 Implicit null exception at 0x00000000032e411b to 0x00000000032e42cd
Event: 3.545 Thread 0x000000001797f800 Implicit null exception at 0x000000000346b0ee to 0x000000000346c861

Events (10 events):
Event: 2.618 loading class javax/swing/Popup$HeavyWeightWindow done
Event: 2.979 loading class java/util/ArrayList$1
Event: 2.979 loading class java/util/ArrayList$1 done
Event: 3.413 Thread 0x000000001797f800 Uncommon trap: trap_request=0xffffff65 fr.pc=0x00000000034998ac
Event: 3.413 Thread 0x000000001797f800 DEOPT PACKING pc=0x00000000034998ac sp=0x000000001e18de10
Event: 3.413 Thread 0x000000001797f800 DEOPT UNPACKING pc=0x00000000031b556a sp=0x000000001e18dd48 mode 2
Event: 3.425 Thread 0x0000000017c2b800 Thread added: 0x0000000017c2b800
Event: 3.545 Thread 0x000000001797f800 Uncommon trap: trap_request=0xffffff65 fr.pc=0x000000000346c8b8
Event: 3.545 Thread 0x000000001797f800 DEOPT PACKING pc=0x000000000346c8b8 sp=0x000000001e18eee0
Event: 3.545 Thread 0x000000001797f800 DEOPT UNPACKING pc=0x00000000031b556a sp=0x000000001e18ecb0 mode 2


Dynamic libraries:
0x00007ff6b0920000 - 0x00007ff6b0957000 	C:\Program Files\Java\jre1.8.0_92\bin\javaw.exe
0x00007ffa606f0000 - 0x00007ffa608c1000 	C:\WINDOWS\SYSTEM32\ntdll.dll
0x00007ffa5f3e0000 - 0x00007ffa5f48b000 	C:\WINDOWS\System32\KERNEL32.DLL
0x00007ffa5d6d0000 - 0x00007ffa5d8ed000 	C:\WINDOWS\System32\KERNELBASE.dll
0x00007ffa60640000 - 0x00007ffa606e2000 	C:\WINDOWS\System32\ADVAPI32.dll
0x00007ffa5f6b0000 - 0x00007ffa5f74e000 	C:\WINDOWS\System32\msvcrt.dll
0x00007ffa5f300000 - 0x00007ffa5f359000 	C:\WINDOWS\System32\sechost.dll
0x00007ffa5f580000 - 0x00007ffa5f6a1000 	C:\WINDOWS\System32\RPCRT4.dll
0x00007ffa5dc80000 - 0x00007ffa5dde5000 	C:\WINDOWS\System32\USER32.dll
0x00007ffa5d430000 - 0x00007ffa5d44e000 	C:\WINDOWS\System32\win32u.dll
0x00007ffa602c0000 - 0x00007ffa602f4000 	C:\WINDOWS\System32\GDI32.dll
0x00007ffa5da90000 - 0x00007ffa5dc12000 	C:\WINDOWS\System32\gdi32full.dll
0x00007ffa4a6c0000 - 0x00007ffa4a93a000 	C:\WINDOWS\WinSxS\amd64_microsoft.windows.common-controls_6595b64144ccf1df_6.0.14393.953_none_42151e83c686086b\COMCTL32.dll
0x00007ffa5fe40000 - 0x00007ffa60108000 	C:\WINDOWS\System32\combase.dll
0x00007ffa5d8f0000 - 0x00007ffa5d9e5000 	C:\WINDOWS\System32\ucrtbase.dll
0x00007ffa5d310000 - 0x00007ffa5d37a000 	C:\WINDOWS\System32\bcryptPrimitives.dll
0x00007ffa5f970000 - 0x00007ffa5f99e000 	C:\WINDOWS\System32\IMM32.DLL
0x0000000050560000 - 0x0000000050632000 	C:\Program Files\Java\jre1.8.0_92\bin\msvcr100.dll
0x0000000050800000 - 0x0000000051096000 	C:\Program Files\Java\jre1.8.0_92\bin\server\jvm.dll
0x00007ffa60210000 - 0x00007ffa60218000 	C:\WINDOWS\System32\PSAPI.DLL
0x00007ffa5ab50000 - 0x00007ffa5ab73000 	C:\WINDOWS\SYSTEM32\WINMM.dll
0x00007ffa5ab80000 - 0x00007ffa5ab89000 	C:\WINDOWS\SYSTEM32\WSOCK32.dll
0x00007ffa566c0000 - 0x00007ffa566ca000 	C:\WINDOWS\SYSTEM32\VERSION.dll
0x00007ffa5f4f0000 - 0x00007ffa5f55a000 	C:\WINDOWS\System32\WS2_32.dll
0x00007ffa5aac0000 - 0x00007ffa5aaeb000 	C:\WINDOWS\SYSTEM32\WINMMBASE.dll
0x00007ffa5d2c0000 - 0x00007ffa5d302000 	C:\WINDOWS\System32\cfgmgr32.dll
0x0000000050710000 - 0x000000005071f000 	C:\Program Files\Java\jre1.8.0_92\bin\verify.dll
0x00000000506e0000 - 0x0000000050709000 	C:\Program Files\Java\jre1.8.0_92\bin\java.dll
0x00000000506c0000 - 0x00000000506d6000 	C:\Program Files\Java\jre1.8.0_92\bin\zip.dll
0x00007ffa5ddf0000 - 0x00007ffa5f2f8000 	C:\WINDOWS\System32\SHELL32.dll
0x00007ffa5cbe0000 - 0x00007ffa5d2ba000 	C:\WINDOWS\System32\windows.storage.dll
0x00007ffa5cb50000 - 0x00007ffa5cb9c000 	C:\WINDOWS\System32\powrprof.dll
0x00007ffa604a0000 - 0x00007ffa604f2000 	C:\WINDOWS\System32\shlwapi.dll
0x00007ffa5cbd0000 - 0x00007ffa5cbdf000 	C:\WINDOWS\System32\kernel.appcore.dll
0x00007ffa5d620000 - 0x00007ffa5d6c9000 	C:\WINDOWS\System32\shcore.dll
0x00007ffa5cba0000 - 0x00007ffa5cbb4000 	C:\WINDOWS\System32\profapi.dll
0x00000000503c0000 - 0x0000000050558000 	C:\Program Files\Java\jre1.8.0_92\bin\awt.dll
0x00007ffa5f8b0000 - 0x00007ffa5f96f000 	C:\WINDOWS\System32\OLEAUT32.dll
0x00007ffa5d9f0000 - 0x00007ffa5da8c000 	C:\WINDOWS\System32\msvcp_win.dll
0x00007ffa5b0f0000 - 0x00007ffa5b16a000 	C:\WINDOWS\SYSTEM32\apphelp.dll
0x00007ffa5aa30000 - 0x00007ffa5aa56000 	C:\WINDOWS\system32\DWMAPI.DLL
0x00007ffa5b330000 - 0x00007ffa5b3c5000 	C:\WINDOWS\system32\uxtheme.dll
0x00007ffa5f750000 - 0x00007ffa5f8aa000 	C:\WINDOWS\System32\MSCTF.dll
0x00007ffa60500000 - 0x00007ffa60637000 	C:\WINDOWS\System32\ole32.dll
0x00007ffa35ef0000 - 0x00007ffa3607d000 	C:\WINDOWS\system32\d3d9.dll
0x00007ffa34e30000 - 0x00007ffa35eec000 	C:\WINDOWS\System32\DriverStore\FileRepository\nv_dispiwu.inf_amd64_b67dc924fff8de6d\nvd3dumx.dll
0x00007ffa51250000 - 0x00007ffa51419000 	C:\WINDOWS\system32\nvspcap64.dll
0x00007ffa5fa10000 - 0x00007ffa5fe39000 	C:\WINDOWS\System32\SETUPAPI.dll
0x00007ffa592b0000 - 0x00007ffa5937d000 	C:\WINDOWS\SYSTEM32\WINHTTP.dll
0x00007ffa53280000 - 0x00007ffa5367b000 	C:\WINDOWS\system32\nvapi64.dll
0x00007ffa5bad0000 - 0x00007ffa5bb6f000 	C:\WINDOWS\SYSTEM32\dxgi.dll
0x00007ffa53ca0000 - 0x00007ffa53d86000 	C:\Program Files (x86)\NVIDIA Corporation\3D Vision\nvSCPAPI64.dll
0x0000000051470000 - 0x00000000514b7000 	C:\Program Files\Java\jre1.8.0_92\bin\fontmanager.dll
0x00007ffa5c630000 - 0x00007ffa5c647000 	C:\WINDOWS\SYSTEM32\CRYPTSP.dll
0x00007ffa5c020000 - 0x00007ffa5c053000 	C:\WINDOWS\system32\rsaenh.dll
0x00007ffa5ca90000 - 0x00007ffa5cabb000 	C:\WINDOWS\SYSTEM32\bcrypt.dll
0x00007ffa5c2a0000 - 0x00007ffa5c2bf000 	C:\WINDOWS\SYSTEM32\USERENV.dll
0x00007ffa5c620000 - 0x00007ffa5c62b000 	C:\WINDOWS\SYSTEM32\CRYPTBASE.dll
0x00000000506a0000 - 0x00000000506ba000 	C:\Program Files\Java\jre1.8.0_92\bin\net.dll
0x00007ffa5c420000 - 0x00007ffa5c47c000 	C:\WINDOWS\system32\mswsock.dll
0x00007ffa5c1a0000 - 0x00007ffa5c1d8000 	C:\WINDOWS\SYSTEM32\IPHLPAPI.DLL
0x00007ffa5f3d0000 - 0x00007ffa5f3d8000 	C:\WINDOWS\System32\NSI.dll
0x00007ffa58cc0000 - 0x00007ffa58cd6000 	C:\WINDOWS\SYSTEM32\dhcpcsvc6.DLL
0x00007ffa58ca0000 - 0x00007ffa58cba000 	C:\WINDOWS\SYSTEM32\dhcpcsvc.DLL
0x0000000050680000 - 0x0000000050691000 	C:\Program Files\Java\jre1.8.0_92\bin\nio.dll
0x0000000051460000 - 0x000000005146c000 	C:\Program Files\Java\jre1.8.0_92\bin\jsound.dll
0x0000000051450000 - 0x000000005145b000 	C:\Program Files\Java\jre1.8.0_92\bin\jsoundds.dll
0x00007ffa3e030000 - 0x00007ffa3e0cb000 	C:\WINDOWS\SYSTEM32\DSOUND.dll
0x00007ffa59470000 - 0x00007ffa594e1000 	C:\WINDOWS\SYSTEM32\MMDevAPI.DLL
0x00007ffa5b810000 - 0x00007ffa5b838000 	C:\WINDOWS\SYSTEM32\DEVOBJ.dll
0x00007ffa5a8a0000 - 0x00007ffa5aa25000 	C:\WINDOWS\SYSTEM32\PROPSYS.dll
0x00007ffa40250000 - 0x00007ffa4028f000 	C:\WINDOWS\SYSTEM32\wdmaud.drv
0x00007ffa562e0000 - 0x00007ffa562eb000 	C:\WINDOWS\SYSTEM32\AVRT.dll
0x00007ffa4e550000 - 0x00007ffa4e559000 	C:\WINDOWS\SYSTEM32\ksuser.dll
0x00007ffa3e850000 - 0x00007ffa3e8e4000 	C:\WINDOWS\SYSTEM32\AUDIOSES.DLL
0x00007ffa57c40000 - 0x00007ffa57d76000 	C:\WINDOWS\SYSTEM32\wintypes.dll
0x00007ffa4c620000 - 0x00007ffa4c62d000 	C:\WINDOWS\SYSTEM32\msacm32.drv
0x00007ffa479d0000 - 0x00007ffa479ec000 	C:\WINDOWS\SYSTEM32\MSACM32.dll
0x00007ffa4c220000 - 0x00007ffa4c22a000 	C:\WINDOWS\SYSTEM32\midimap.dll
0x00007ffa60220000 - 0x00007ffa602bf000 	C:\WINDOWS\System32\clbcatq.dll
0x0000000050370000 - 0x00000000503b2000 	C:\Program Files\Java\jre1.8.0_92\bin\t2k.dll
0x00007ffa58200000 - 0x00007ffa58392000 	C:\WINDOWS\SYSTEM32\dbghelp.dll

VM Arguments:
jvm_args: -Dfile.encoding=Cp1252 
java_command: me.extain.game.Main
java_class_path (initial): C:\Users\Levi\Desktop\Ludum Dare\Ludum Dare 38\bin
Launcher Type: SUN_STANDARD

Environment Variables:
PATH=C:/Program Files/Java/jre1.8.0_92/bin/server;C:/Program Files/Java/jre1.8.0_92/bin;C:/Program Files/Java/jre1.8.0_92/lib/amd64;C:\Program Files (x86)\Razer Chroma SDK\bin;C:\Program Files\Razer Chroma SDK\bin;C:\ProgramData\Oracle\Java\javapath;C:\Windows\system32;C:\Windows;C:\Windows\System32\Wbem;C:\Windows\System32\WindowsPowerShell\v1.0\;C:\Program Files (x86)\Skype\Phone\;C:\Program Files (x86)\MySQL\MySQL Fabric 1.5 & MySQL Utilities 1.5\;C:\Program Files (x86)\MySQL\MySQL Fabric 1.5 & MySQL Utilities 1.5\Doctrine extensions for PHP\;C:\Users\Levi\.dnx\bin;C:\Program Files\Microsoft DNX\Dnvm\;C:\Program Files\Microsoft SQL Server\130\Tools\Binn\;C:\WINDOWS\system32;C:\WINDOWS;C:\WINDOWS\System32\Wbem;C:\WINDOWS\System32\WindowsPowerShell\v1.0\;C:\Program Files\Git\cmd;C:\Program Files (x86)\NVIDIA Corporation\PhysX\Common;C:\Program Files (x86)\GtkSharp\2.12\bin;C:\Users\Levi\AppData\Local\Microsoft\WindowsApps;C:\Users\Levi\AppData\Local\Microsoft\WindowsApps;;C:\WINDOWS\system32;
USERNAME=Levi
OS=Windows_NT
PROCESSOR_IDENTIFIER=Intel64 Family 6 Model 15 Stepping 11, GenuineIntel



---------------  S Y S T E M  ---------------

OS: Windows 10.0 , 64 bit Build 14393 (10.0.14393.0)

CPU:total 4 (4 cores per cpu, 1 threads per core) family 6 model 15 stepping 11, cmov, cx8, fxsr, mmx, sse, sse2, sse3, ssse3, tsc

Memory: 4k page, physical 4193252k(796048k free), swap 8291908k(1792576k free)

vm_info: Java HotSpot(TM) 64-Bit Server VM (25.92-b14) for windows-amd64 JRE (1.8.0_92-b14), built on Mar 31 2016 21:03:04 by "java_re" with MS VC++ 10.0 (VS2010)

time: Sat Apr 22 15:55:53 2017
elapsed time: 3 seconds (0d 0h 0m 3s)

