#
# A fatal error has been detected by the Java Runtime Environment:
#
#  EXCEPTION_ACCESS_VIOLATION (0xc0000005) at pc=0xffffffffa3615120, pid=8444, tid=0x0000000000003100
#
# JRE version: Java(TM) SE Runtime Environment (8.0_92-b14) (build 1.8.0_92-b14)
# Java VM: Java HotSpot(TM) 64-Bit Server VM (25.92-b14 mixed mode windows-amd64 compressed oops)
# Problematic frame:
# C  0xffffffffa3615120
#
# Failed to write core dump. Minidumps are not enabled by default on client versions of Windows
#
# If you would like to submit a bug report, please visit:
#   http://bugreport.java.com/bugreport/crash.jsp
#

---------------  T H R E A D  ---------------

Current thread (0x0000000016813000):  JavaThread "Thread-2" [_thread_in_Java, id=12544, stack(0x000000001ce10000,0x000000001cf10000)]

siginfo: ExceptionCode=0xc0000005, ExceptionInformation=0x0000000000000008 0xffffffffa3615120

Registers:
RAX=0x0000000014749760, RBX=0x0000000014749760, RCX=0x00000000eb004218, RDX=0x00000000eb004218
RSP=0x000000001cf0f438, RBP=0x000000001cf0f490, RSI=0x0000000000004ab0, RDI=0x0000000000000959
R8 =0x000000000000002c, R9 =0x00000000167a52e0, R10=0x0000000050ff7f20, R11=0x000000000281c980
R12=0x0000000000000000, R13=0x000000001cf0f448, R14=0x0000000000000000, R15=0x0000000016813000
RIP=0xffffffffa3615120, EFLAGS=0x0000000000010202

Top of Stack: (sp=0x000000001cf0f438)
0x000000001cf0f438:   0000000002617c80 0000000002617c80
0x000000001cf0f448:   00000000eb004218 000000001cf0f450
0x000000001cf0f458:   0000000014742d46 000000001cf0f4c0
0x000000001cf0f468:   0000000014745b30 0000000000000000
0x000000001cf0f478:   0000000014742e08 000000001cf0f448
0x000000001cf0f488:   000000001cf0f4c0 000000001cf0f508
0x000000001cf0f498:   000000000261809d 00000000eb006420
0x000000001cf0f4a8:   00000000eb004218 000000000000002c
0x000000001cf0f4b8:   000000000000000a 00000000eaed7350
0x000000001cf0f4c8:   000000001cf0f4c8 0000000014740854
0x000000001cf0f4d8:   000000001cf0f578 0000000014742538
0x000000001cf0f4e8:   0000000000000000 0000000014740930
0x000000001cf0f4f8:   000000001cf0f4c0 000000001cf0f578
0x000000001cf0f508:   000000001cf0f5c0 00000000026180e2
0x000000001cf0f518:   000267211f47c1ef 0000000000000000
0x000000001cf0f528:   0000000000000001 0000000000000000 

Instructions: (pc=0xffffffffa3615120)
0xffffffffa3615100:   
[error occurred during error reporting (printing registers, top of stack, instructions near pc), id 0xc0000005]

Register to memory mapping:

RAX={method} {0x0000000014749768} 'getX' '()F' in 'me/extain/game/objects/component/Collider'
RBX={method} {0x0000000014749768} 'getX' '()F' in 'me/extain/game/objects/component/Collider'
RCX=0x00000000eb004218 is an oop
me.extain.game.objects.component.Collider 
 - klass: 'me/extain/game/objects/component/Collider'
RDX=0x00000000eb004218 is an oop
me.extain.game.objects.component.Collider 
 - klass: 'me/extain/game/objects/component/Collider'
RSP=0x000000001cf0f438 is pointing into the stack for thread: 0x0000000016813000
RBP=0x000000001cf0f490 is pointing into the stack for thread: 0x0000000016813000
RSI=0x0000000000004ab0 is an unknown value
RDI=0x0000000000000959 is an unknown value
R8 =0x000000000000002c is an unknown value
R9 =0x00000000167a52e0 is an unknown value
R10=0x0000000050ff7f20 is an unknown value
R11=0x000000000281c980 is at entry_point+32 in (nmethod*)0x000000000281c810
R12=0x0000000000000000 is an unknown value
R13=0x000000001cf0f448 is pointing into the stack for thread: 0x0000000016813000
R14=0x0000000000000000 is an unknown value
R15=0x0000000016813000 is a thread


Stack: [0x000000001ce10000,0x000000001cf10000],  sp=0x000000001cf0f438,  free space=1021k
Native frames: (J=compiled Java code, j=interpreted, Vv=VM code, C=native code)
C  0xffffffffa3615120


---------------  P R O C E S S  ---------------

Java Threads: ( => current thread )
  0x0000000002510800 JavaThread "DestroyJavaVM" [_thread_blocked, id=7564, stack(0x0000000002410000,0x0000000002510000)]
=>0x0000000016813000 JavaThread "Thread-2" [_thread_in_Java, id=12544, stack(0x000000001ce10000,0x000000001cf10000)]
  0x00000000167b2000 JavaThread "AWT-EventQueue-0" [_thread_blocked, id=13604, stack(0x000000001cc10000,0x000000001cd10000)]
  0x0000000016776800 JavaThread "AWT-Windows" daemon [_thread_in_native, id=10428, stack(0x0000000017020000,0x0000000017120000)]
  0x0000000016773800 JavaThread "AWT-Shutdown" [_thread_blocked, id=11620, stack(0x0000000016f20000,0x0000000017020000)]
  0x0000000016773000 JavaThread "Java2D Disposer" daemon [_thread_blocked, id=15600, stack(0x0000000016d60000,0x0000000016e60000)]
  0x0000000016437000 JavaThread "Service Thread" daemon [_thread_blocked, id=6528, stack(0x0000000016a30000,0x0000000016b30000)]
  0x0000000016432800 JavaThread "C1 CompilerThread2" daemon [_thread_blocked, id=11364, stack(0x0000000016930000,0x0000000016a30000)]
  0x0000000014d3e000 JavaThread "C2 CompilerThread1" daemon [_thread_blocked, id=8104, stack(0x0000000016830000,0x0000000016930000)]
  0x0000000014cdc000 JavaThread "C2 CompilerThread0" daemon [_thread_blocked, id=11624, stack(0x0000000016330000,0x0000000016430000)]
  0x0000000014cdb000 JavaThread "Attach Listener" daemon [_thread_blocked, id=3412, stack(0x0000000016230000,0x0000000016330000)]
  0x0000000014ce5000 JavaThread "Signal Dispatcher" daemon [_thread_blocked, id=14760, stack(0x0000000016130000,0x0000000016230000)]
  0x0000000014cca800 JavaThread "Finalizer" daemon [_thread_blocked, id=10896, stack(0x0000000015f40000,0x0000000016040000)]
  0x00000000025ff000 JavaThread "Reference Handler" daemon [_thread_blocked, id=14912, stack(0x0000000015e40000,0x0000000015f40000)]

Other Threads:
  0x0000000014ca7800 VMThread [stack: 0x0000000015d40000,0x0000000015e40000] [id=224]
  0x0000000016439800 WatcherThread [stack: 0x0000000016b30000,0x0000000016c30000] [id=14560]

VM state:not at safepoint (normal execution)

VM Mutex/Monitor currently owned by a thread: None

Heap:
 PSYoungGen      total 18944K, used 5900K [0x00000000eab00000, 0x00000000ec000000, 0x0000000100000000)
  eden space 16384K, 36% used [0x00000000eab00000,0x00000000eb0c3128,0x00000000ebb00000)
  from space 2560K, 0% used [0x00000000ebd80000,0x00000000ebd80000,0x00000000ec000000)
  to   space 2560K, 0% used [0x00000000ebb00000,0x00000000ebb00000,0x00000000ebd80000)
 ParOldGen       total 44032K, used 0K [0x00000000c0000000, 0x00000000c2b00000, 0x00000000eab00000)
  object space 44032K, 0% used [0x00000000c0000000,0x00000000c0000000,0x00000000c2b00000)
 Metaspace       used 9683K, capacity 9842K, committed 9984K, reserved 1058816K
  class space    used 1179K, capacity 1254K, committed 1280K, reserved 1048576K

Card table byte_map: [0x00000000119d0000,0x0000000011be0000] byte_map_base: 0x00000000113d0000

Marking Bits: (ParMarkBitMap*) 0x00000000510164f0
 Begin Bits: [0x0000000012140000, 0x0000000013140000)
 End Bits:   [0x0000000013140000, 0x0000000014140000)

Polling page: 0x0000000000cd0000

CodeCache: size=245760Kb used=2099Kb max_used=2099Kb free=243660Kb
 bounds [0x0000000002610000, 0x0000000002880000, 0x0000000011610000]
 total_blobs=987 nmethods=499 adapters=403
 compilation: enabled

Compilation events (10 events):
Event: 1.618 Thread 0x0000000016432800  494       1       sun.nio.ch.NativeThread::current (2 bytes)
Event: 1.618 Thread 0x0000000016432800 nmethod 494 0x000000000281c590 code [0x000000000281c6e0, 0x000000000281c7d0]
Event: 1.629 Thread 0x0000000016432800  496       3       me.extain.game.objects.component.Collider::getX (5 bytes)
Event: 1.629 Thread 0x0000000016432800 nmethod 496 0x000000000281c810 code [0x000000000281c960, 0x000000000281cab0]
Event: 1.629 Thread 0x0000000016432800  497       3       me.extain.game.objects.component.Collider::getHalfWidth (5 bytes)
Event: 1.629 Thread 0x0000000016432800 nmethod 497 0x000000000281cb50 code [0x000000000281cca0, 0x000000000281cdf0]
Event: 1.629 Thread 0x0000000016432800  499       1       me.extain.game.objects.component.Collider::getX (5 bytes)
Event: 1.629 Thread 0x0000000016432800 nmethod 499 0x000000000281ce90 code [0x000000000281cfe0, 0x000000000281d0f0]
Event: 1.629 Thread 0x0000000016432800  498       3       java.lang.Math::abs (14 bytes)
Event: 1.629 Thread 0x0000000016432800 nmethod 498 0x000000000281d150 code [0x000000000281d2a0, 0x000000000281d450]

GC Heap History (0 events):
No events

Deoptimization events (1 events):
Event: 0.970 Thread 0x0000000002510800 Uncommon trap: reason=null_check action=make_not_entrant pc=0x000000000279b5dc method=java.lang.String.equals(Ljava/lang/Object;)Z @ 8

Internal exceptions (10 events):
Event: 0.091 Thread 0x0000000002510800 Exception <a 'java/lang/NoSuchMethodError': Method sun.misc.Unsafe.prefetchRead(Ljava/lang/Object;J)V name or signature does not match> (0x00000000eab07fa8) thrown at [D:\re\workspace\8-2-build-windows-amd64-cygwin\jdk8u92\6642\hotspot\src\share\vm\prims\j­ùÏ¿s¹Ò?
Event: 0.293 Thread 0x0000000002510800 Exception <a 'java/security/PrivilegedActionException'> (0x00000000eab92020) thrown at [D:\re\workspace\8-2-build-windows-amd64-cygwin\jdk8u92\6642\hotspot\src\share\vm\prims\jvm.cpp, line 1386]
Event: 0.293 Thread 0x0000000002510800 Exception <a 'java/security/PrivilegedActionException'> (0x00000000eab92230) thrown at [D:\re\workspace\8-2-build-windows-amd64-cygwin\jdk8u92\6642\hotspot\src\share\vm\prims\jvm.cpp, line 1386]
Event: 0.302 Thread 0x0000000002510800 Exception <a 'java/security/PrivilegedActionException'> (0x00000000eab95dd8) thrown at [D:\re\workspace\8-2-build-windows-amd64-cygwin\jdk8u92\6642\hotspot\src\share\vm\prims\jvm.cpp, line 1386]
Event: 0.302 Thread 0x0000000002510800 Exception <a 'java/security/PrivilegedActionException'> (0x00000000eab95fe8) thrown at [D:\re\workspace\8-2-build-windows-amd64-cygwin\jdk8u92\6642\hotspot\src\share\vm\prims\jvm.cpp, line 1386]
Event: 0.314 Thread 0x0000000002510800 Exception <a 'java/io/FileNotFoundException'> (0x00000000eab984b0) thrown at [D:\re\workspace\8-2-build-windows-amd64-cygwin\jdk8u92\6642\hotspot\src\share\vm\prims\jni.cpp, line 709]
Event: 0.556 Thread 0x0000000002510800 Exception <a 'java/lang/NoSuchFieldError': method resolution failed> (0x00000000eacb7ae0) thrown at [D:\re\workspace\8-2-build-windows-amd64-cygwin\jdk8u92\6642\hotspot\src\share\vm\prims\methodHandles.cpp, line 1146]
Event: 0.570 Thread 0x0000000002510800 Exception <a 'java/lang/NoSuchFieldError': method resolution failed> (0x00000000eacc5158) thrown at [D:\re\workspace\8-2-build-windows-amd64-cygwin\jdk8u92\6642\hotspot\src\share\vm\prims\methodHandles.cpp, line 1146]
Event: 0.816 Thread 0x0000000002510800 Exception <a 'java/io/FileNotFoundException'> (0x00000000ead59a08) thrown at [D:\re\workspace\8-2-build-windows-amd64-cygwin\jdk8u92\6642\hotspot\src\share\vm\prims\jni.cpp, line 709]
Event: 0.970 Thread 0x0000000002510800 Implicit null exception at 0x000000000279b41b to 0x000000000279b5cd

Events (10 events):
Event: 1.610 loading class java/nio/ByteBufferAsCharBufferB
Event: 1.611 loading class java/nio/ByteBufferAsCharBufferB done
Event: 1.612 loading class sun/font/FileFontStrike
Event: 1.613 loading class sun/font/FileFontStrike done
Event: 1.613 loading class sun/font/FontScaler
Event: 1.613 loading class sun/font/FontScaler done
Event: 1.613 loading class sun/font/T2KFontScaler
Event: 1.614 loading class sun/font/T2KFontScaler done
Event: 1.614 loading class sun/font/T2KFontScaler$1
Event: 1.614 loading class sun/font/T2KFontScaler$1 done


Dynamic libraries:
0x00007ff6538c0000 - 0x00007ff6538f7000 	C:\Program Files\Java\jre1.8.0_92\bin\javaw.exe
0x00007ffa606f0000 - 0x00007ffa608c1000 	C:\WINDOWS\SYSTEM32\ntdll.dll
0x00007ffa5f3e0000 - 0x00007ffa5f48b000 	C:\WINDOWS\System32\KERNEL32.DLL
0x00007ffa5d6d0000 - 0x00007ffa5d8ed000 	C:\WINDOWS\System32\KERNELBASE.dll
0x00007ffa60640000 - 0x00007ffa606e2000 	C:\WINDOWS\System32\ADVAPI32.dll
0x00007ffa5f6b0000 - 0x00007ffa5f74e000 	C:\WINDOWS\System32\msvcrt.dll
0x00007ffa5f300000 - 0x00007ffa5f359000 	C:\WINDOWS\System32\sechost.dll
0x00007ffa5f580000 - 0x00007ffa5f6a1000 	C:\WINDOWS\System32\RPCRT4.dll
0x00007ffa5dc80000 - 0x00007ffa5dde5000 	C:\WINDOWS\System32\USER32.dll
0x00007ffa5d430000 - 0x00007ffa5d44e000 	C:\WINDOWS\System32\win32u.dll
0x00007ffa602c0000 - 0x00007ffa602f4000 	C:\WINDOWS\System32\GDI32.dll
0x00007ffa5da90000 - 0x00007ffa5dc12000 	C:\WINDOWS\System32\gdi32full.dll
0x00007ffa4a6c0000 - 0x00007ffa4a93a000 	C:\WINDOWS\WinSxS\amd64_microsoft.windows.common-controls_6595b64144ccf1df_6.0.14393.953_none_42151e83c686086b\COMCTL32.dll
0x00007ffa5fe40000 - 0x00007ffa60108000 	C:\WINDOWS\System32\combase.dll
0x00007ffa5d8f0000 - 0x00007ffa5d9e5000 	C:\WINDOWS\System32\ucrtbase.dll
0x00007ffa5d310000 - 0x00007ffa5d37a000 	C:\WINDOWS\System32\bcryptPrimitives.dll
0x00007ffa5f970000 - 0x00007ffa5f99e000 	C:\WINDOWS\System32\IMM32.DLL
0x00000000503a0000 - 0x0000000050472000 	C:\Program Files\Java\jre1.8.0_92\bin\msvcr100.dll
0x0000000050800000 - 0x0000000051096000 	C:\Program Files\Java\jre1.8.0_92\bin\server\jvm.dll
0x00007ffa60210000 - 0x00007ffa60218000 	C:\WINDOWS\System32\PSAPI.DLL
0x00007ffa5ab80000 - 0x00007ffa5ab89000 	C:\WINDOWS\SYSTEM32\WSOCK32.dll
0x00007ffa5f4f0000 - 0x00007ffa5f55a000 	C:\WINDOWS\System32\WS2_32.dll
0x00007ffa5ab50000 - 0x00007ffa5ab73000 	C:\WINDOWS\SYSTEM32\WINMM.dll
0x00007ffa566c0000 - 0x00007ffa566ca000 	C:\WINDOWS\SYSTEM32\VERSION.dll
0x00007ffa5aac0000 - 0x00007ffa5aaeb000 	C:\WINDOWS\SYSTEM32\WINMMBASE.dll
0x00007ffa5d2c0000 - 0x00007ffa5d302000 	C:\WINDOWS\System32\cfgmgr32.dll
0x0000000050710000 - 0x000000005071f000 	C:\Program Files\Java\jre1.8.0_92\bin\verify.dll
0x00000000506e0000 - 0x0000000050709000 	C:\Program Files\Java\jre1.8.0_92\bin\java.dll
0x00000000506c0000 - 0x00000000506d6000 	C:\Program Files\Java\jre1.8.0_92\bin\zip.dll
0x00007ffa5ddf0000 - 0x00007ffa5f2f8000 	C:\WINDOWS\System32\SHELL32.dll
0x00007ffa5cbe0000 - 0x00007ffa5d2ba000 	C:\WINDOWS\System32\windows.storage.dll
0x00007ffa5cb50000 - 0x00007ffa5cb9c000 	C:\WINDOWS\System32\powrprof.dll
0x00007ffa604a0000 - 0x00007ffa604f2000 	C:\WINDOWS\System32\shlwapi.dll
0x00007ffa5cbd0000 - 0x00007ffa5cbdf000 	C:\WINDOWS\System32\kernel.appcore.dll
0x00007ffa5d620000 - 0x00007ffa5d6c9000 	C:\WINDOWS\System32\shcore.dll
0x00007ffa5cba0000 - 0x00007ffa5cbb4000 	C:\WINDOWS\System32\profapi.dll
0x0000000050200000 - 0x0000000050398000 	C:\Program Files\Java\jre1.8.0_92\bin\awt.dll
0x00007ffa5f8b0000 - 0x00007ffa5f96f000 	C:\WINDOWS\System32\OLEAUT32.dll
0x00007ffa5d9f0000 - 0x00007ffa5da8c000 	C:\WINDOWS\System32\msvcp_win.dll
0x00007ffa5b0f0000 - 0x00007ffa5b16a000 	C:\WINDOWS\SYSTEM32\apphelp.dll
0x00007ffa5aa30000 - 0x00007ffa5aa56000 	C:\WINDOWS\system32\DWMAPI.DLL
0x00007ffa5b330000 - 0x00007ffa5b3c5000 	C:\WINDOWS\system32\uxtheme.dll
0x00007ffa5f750000 - 0x00007ffa5f8aa000 	C:\WINDOWS\System32\MSCTF.dll
0x00007ffa60500000 - 0x00007ffa60637000 	C:\WINDOWS\System32\ole32.dll
0x00007ffa35ef0000 - 0x00007ffa3607d000 	C:\WINDOWS\system32\d3d9.dll
0x00007ffa34e30000 - 0x00007ffa35eec000 	C:\WINDOWS\System32\DriverStore\FileRepository\nv_dispiwu.inf_amd64_b67dc924fff8de6d\nvd3dumx.dll
0x00007ffa51250000 - 0x00007ffa51419000 	C:\WINDOWS\system32\nvspcap64.dll
0x00007ffa5fa10000 - 0x00007ffa5fe39000 	C:\WINDOWS\System32\SETUPAPI.dll
0x00007ffa592b0000 - 0x00007ffa5937d000 	C:\WINDOWS\SYSTEM32\WINHTTP.dll
0x00007ffa53280000 - 0x00007ffa5367b000 	C:\WINDOWS\system32\nvapi64.dll
0x00007ffa5bad0000 - 0x00007ffa5bb6f000 	C:\WINDOWS\SYSTEM32\dxgi.dll
0x00007ffa53ca0000 - 0x00007ffa53d86000 	C:\Program Files (x86)\NVIDIA Corporation\3D Vision\nvSCPAPI64.dll
0x00000000501b0000 - 0x00000000501f7000 	C:\Program Files\Java\jre1.8.0_92\bin\fontmanager.dll
0x00007ffa5c630000 - 0x00007ffa5c647000 	C:\WINDOWS\SYSTEM32\CRYPTSP.dll
0x00007ffa5c020000 - 0x00007ffa5c053000 	C:\WINDOWS\system32\rsaenh.dll
0x00007ffa5ca90000 - 0x00007ffa5cabb000 	C:\WINDOWS\SYSTEM32\bcrypt.dll
0x00007ffa5c2a0000 - 0x00007ffa5c2bf000 	C:\WINDOWS\SYSTEM32\USERENV.dll
0x00007ffa5c620000 - 0x00007ffa5c62b000 	C:\WINDOWS\SYSTEM32\CRYPTBASE.dll
0x00000000506a0000 - 0x00000000506ba000 	C:\Program Files\Java\jre1.8.0_92\bin\net.dll
0x00007ffa5c420000 - 0x00007ffa5c47c000 	C:\WINDOWS\system32\mswsock.dll
0x00007ffa5c1a0000 - 0x00007ffa5c1d8000 	C:\WINDOWS\SYSTEM32\IPHLPAPI.DLL
0x00007ffa5f3d0000 - 0x00007ffa5f3d8000 	C:\WINDOWS\System32\NSI.dll
0x00007ffa58cc0000 - 0x00007ffa58cd6000 	C:\WINDOWS\SYSTEM32\dhcpcsvc6.DLL
0x00007ffa58ca0000 - 0x00007ffa58cba000 	C:\WINDOWS\SYSTEM32\dhcpcsvc.DLL
0x0000000050680000 - 0x0000000050691000 	C:\Program Files\Java\jre1.8.0_92\bin\nio.dll
0x0000000050160000 - 0x00000000501a2000 	C:\Program Files\Java\jre1.8.0_92\bin\t2k.dll
0x00007ffa58200000 - 0x00007ffa58392000 	C:\WINDOWS\SYSTEM32\dbghelp.dll

VM Arguments:
jvm_args: -Dfile.encoding=Cp1252 
java_command: me.extain.game.Main
java_class_path (initial): C:\Users\Levi\Desktop\Ludum Dare\Ludum Dare 38\bin
Launcher Type: SUN_STANDARD

Environment Variables:
PATH=C:/Program Files/Java/jre1.8.0_92/bin/server;C:/Program Files/Java/jre1.8.0_92/bin;C:/Program Files/Java/jre1.8.0_92/lib/amd64;C:\Program Files (x86)\Razer Chroma SDK\bin;C:\Program Files\Razer Chroma SDK\bin;C:\ProgramData\Oracle\Java\javapath;C:\Windows\system32;C:\Windows;C:\Windows\System32\Wbem;C:\Windows\System32\WindowsPowerShell\v1.0\;C:\Program Files (x86)\Skype\Phone\;C:\Program Files (x86)\MySQL\MySQL Fabric 1.5 & MySQL Utilities 1.5\;C:\Program Files (x86)\MySQL\MySQL Fabric 1.5 & MySQL Utilities 1.5\Doctrine extensions for PHP\;C:\Users\Levi\.dnx\bin;C:\Program Files\Microsoft DNX\Dnvm\;C:\Program Files\Microsoft SQL Server\130\Tools\Binn\;C:\WINDOWS\system32;C:\WINDOWS;C:\WINDOWS\System32\Wbem;C:\WINDOWS\System32\WindowsPowerShell\v1.0\;C:\Program Files\Git\cmd;C:\Program Files (x86)\NVIDIA Corporation\PhysX\Common;C:\Program Files (x86)\GtkSharp\2.12\bin;C:\Users\Levi\AppData\Local\Microsoft\WindowsApps;C:\Users\Levi\AppData\Local\Microsoft\WindowsApps;;C:\WINDOWS\system32;
USERNAME=Levi
OS=Windows_NT
PROCESSOR_IDENTIFIER=Intel64 Family 6 Model 15 Stepping 11, GenuineIntel



---------------  S Y S T E M  ---------------

OS: Windows 10.0 , 64 bit Build 14393 (10.0.14393.0)

CPU:total 4 (4 cores per cpu, 1 threads per core) family 6 model 15 stepping 11, cmov, cx8, fxsr, mmx, sse, sse2, sse3, ssse3, tsc

Memory: 4k page, physical 4193252k(1018652k free), swap 8291924k(1802036k free)

vm_info: Java HotSpot(TM) 64-Bit Server VM (25.92-b14) for windows-amd64 JRE (1.8.0_92-b14), built on Mar 31 2016 21:03:04 by "java_re" with MS VC++ 10.0 (VS2010)

time: Sat Apr 22 11:47:58 2017
elapsed time: 1 seconds (0d 0h 0m 1s)

