#
# A fatal error has been detected by the Java Runtime Environment:
#
#  EXCEPTION_ACCESS_VIOLATION (0xc0000005) at pc=0xffffffffa3c25120, pid=12128, tid=0x0000000000000b5c
#
# JRE version: Java(TM) SE Runtime Environment (8.0_92-b14) (build 1.8.0_92-b14)
# Java VM: Java HotSpot(TM) 64-Bit Server VM (25.92-b14 mixed mode windows-amd64 compressed oops)
# Problematic frame:
# C  0xffffffffa3c25120
#
# Failed to write core dump. Minidumps are not enabled by default on client versions of Windows
#
# If you would like to submit a bug report, please visit:
#   http://bugreport.java.com/bugreport/crash.jsp
#

---------------  T H R E A D  ---------------

Current thread (0x000000001d226800):  JavaThread "Thread-2" [_thread_in_Java, id=2908, stack(0x000000001dbd0000,0x000000001dcd0000)]

siginfo: ExceptionCode=0xc0000005, ExceptionInformation=0x0000000000000008 0xffffffffa3c25120

Registers:
RAX=0x0000000014a16ee0, RBX=0x0000000014a16ee0, RCX=0x00000000ebb00f90, RDX=0x00000000ebb00f90
RSP=0x000000001dccf118, RBP=0x000000001dccf180, RSI=0x0000000014d5a548, RDI=0x0000000000001530
R8 =0x0000000000000038, R9 =0x0000000016f08280, R10=0x0000000050ff7f20, R11=0x0000000002dce2c0
R12=0x0000000000000000, R13=0x000000001dccf130, R14=0x0000000000000000, R15=0x000000001d226800
RIP=0xffffffffa3c25120, EFLAGS=0x0000000000010202

Top of Stack: (sp=0x000000001dccf118)
0x000000001dccf118:   0000000002c27e20 0000000002c27c80
0x000000001dccf128:   0000000002c27e20 0000000000000038
0x000000001dccf138:   00000000ebb00f90 000000001dccf140
0x000000001dccf148:   0000000014d540c1 000000001dccf1b0
0x000000001dccf158:   0000000014d55e08 0000000000000000
0x000000001dccf168:   0000000014d54198 000000001dccf130
0x000000001dccf178:   000000001dccf1b0 000000001dccf1f8
0x000000001dccf188:   0000000002c2809d 00000000ebb6d2a8
0x000000001dccf198:   00000000ebb7ad10 0000000000000040
0x000000001dccf1a8:   0000000000000038 00000000ebb00f80
0x000000001dccf1b8:   000000001dccf1b8 0000000014d50877
0x000000001dccf1c8:   000000001dccf268 0000000014d528f0
0x000000001dccf1d8:   0000000000000000 0000000014d50950
0x000000001dccf1e8:   000000001dccf1b0 000000001dccf268
0x000000001dccf1f8:   000000001dccf2b0 0000000002c280e2
0x000000001dccf208:   00027925702beef5 0000000000000000 

Instructions: (pc=0xffffffffa3c25120)
0xffffffffa3c25100:   
[error occurred during error reporting (printing registers, top of stack, instructions near pc), id 0xc0000005]

Register to memory mapping:

RAX={method} {0x0000000014a16ee8} 'get' '(I)Ljava/lang/Object;' in 'java/util/ArrayList'
RBX={method} {0x0000000014a16ee8} 'get' '(I)Ljava/lang/Object;' in 'java/util/ArrayList'
RCX=0x00000000ebb00f90 is an oop
java.util.ArrayList 
 - klass: 'java/util/ArrayList'
RDX=0x00000000ebb00f90 is an oop
java.util.ArrayList 
 - klass: 'java/util/ArrayList'
RSP=0x000000001dccf118 is pointing into the stack for thread: 0x000000001d226800
RBP=0x000000001dccf180 is pointing into the stack for thread: 0x000000001d226800
RSI={method} {0x0000000014d5a550} 'getHalfHeight' '()F' in 'me/extain/game/objects/component/Collider'
RDI=0x0000000000001530 is an unknown value
R8 =0x0000000000000038 is an unknown value
R9 =0x0000000016f08280 is an unknown value
R10=0x0000000050ff7f20 is an unknown value
R11=0x0000000002dce2c0 is at entry_point+32 in (nmethod*)0x0000000002dce110
R12=0x0000000000000000 is an unknown value
R13=0x000000001dccf130 is pointing into the stack for thread: 0x000000001d226800
R14=0x0000000000000000 is an unknown value
R15=0x000000001d226800 is a thread


Stack: [0x000000001dbd0000,0x000000001dcd0000],  sp=0x000000001dccf118,  free space=1020k
Native frames: (J=compiled Java code, j=interpreted, Vv=VM code, C=native code)
C  0xffffffffa3c25120


---------------  P R O C E S S  ---------------

Java Threads: ( => current thread )
  0x000000001d2a6000 JavaThread "Direct Clip" daemon [_thread_blocked, id=11684, stack(0x000000001e890000,0x000000001e990000)]
  0x000000001d246000 JavaThread "Direct Clip" daemon [_thread_blocked, id=2000, stack(0x000000001e790000,0x000000001e890000)]
  0x000000001d245800 JavaThread "Java Sound Event Dispatcher" daemon [_thread_blocked, id=9360, stack(0x000000001e290000,0x000000001e390000)]
  0x0000000002b20800 JavaThread "DestroyJavaVM" [_thread_blocked, id=11808, stack(0x0000000002a00000,0x0000000002b00000)]
=>0x000000001d226800 JavaThread "Thread-2" [_thread_in_Java, id=2908, stack(0x000000001dbd0000,0x000000001dcd0000)]
  0x000000001d1dc800 JavaThread "AWT-EventQueue-0" [_thread_blocked, id=9664, stack(0x000000001d9d0000,0x000000001dad0000)]
  0x0000000016eb7800 JavaThread "AWT-Windows" daemon [_thread_in_native, id=13148, stack(0x0000000017530000,0x0000000017630000)]
  0x0000000016eb4800 JavaThread "AWT-Shutdown" [_thread_blocked, id=16176, stack(0x0000000017430000,0x0000000017530000)]
  0x0000000016eb4000 JavaThread "Java2D Disposer" daemon [_thread_blocked, id=11928, stack(0x0000000017330000,0x0000000017430000)]
  0x0000000016b5f000 JavaThread "Service Thread" daemon [_thread_blocked, id=12032, stack(0x0000000016f40000,0x0000000017040000)]
  0x00000000152f6000 JavaThread "C1 CompilerThread2" daemon [_thread_blocked, id=2348, stack(0x0000000016a40000,0x0000000016b40000)]
  0x00000000152f3000 JavaThread "C2 CompilerThread1" daemon [_thread_blocked, id=12708, stack(0x0000000016940000,0x0000000016a40000)]
  0x00000000152ed800 JavaThread "C2 CompilerThread0" daemon [_thread_blocked, id=12736, stack(0x0000000016840000,0x0000000016940000)]
  0x00000000152ec800 JavaThread "Attach Listener" daemon [_thread_blocked, id=14668, stack(0x0000000016740000,0x0000000016840000)]
  0x00000000152e9800 JavaThread "Signal Dispatcher" daemon [_thread_blocked, id=6396, stack(0x0000000016640000,0x0000000016740000)]
  0x00000000152da000 JavaThread "Finalizer" daemon [_thread_blocked, id=7560, stack(0x0000000016540000,0x0000000016640000)]
  0x0000000002c0f000 JavaThread "Reference Handler" daemon [_thread_blocked, id=14148, stack(0x0000000016440000,0x0000000016540000)]

Other Threads:
  0x00000000152b7800 VMThread [stack: 0x0000000016340000,0x0000000016440000] [id=3056]
  0x0000000016b7c000 WatcherThread [stack: 0x0000000017040000,0x0000000017140000] [id=504]

VM state:not at safepoint (normal execution)

VM Mutex/Monitor currently owned by a thread: None

Heap:
 PSYoungGen      total 18944K, used 4307K [0x00000000eab00000, 0x00000000ec000000, 0x0000000100000000)
  eden space 16384K, 10% used [0x00000000eab00000,0x00000000eacba938,0x00000000ebb00000)
  from space 2560K, 99% used [0x00000000ebb00000,0x00000000ebd7a610,0x00000000ebd80000)
  to   space 2560K, 0% used [0x00000000ebd80000,0x00000000ebd80000,0x00000000ec000000)
 ParOldGen       total 44032K, used 3060K [0x00000000c0000000, 0x00000000c2b00000, 0x00000000eab00000)
  object space 44032K, 6% used [0x00000000c0000000,0x00000000c02fd230,0x00000000c2b00000)
 Metaspace       used 10051K, capacity 10210K, committed 10624K, reserved 1058816K
  class space    used 1218K, capacity 1290K, committed 1408K, reserved 1048576K

Card table byte_map: [0x0000000011fe0000,0x00000000121f0000] byte_map_base: 0x00000000119e0000

Marking Bits: (ParMarkBitMap*) 0x00000000510164f0
 Begin Bits: [0x0000000012750000, 0x0000000013750000)
 End Bits:   [0x0000000013750000, 0x0000000014750000)

Polling page: 0x0000000001180000

CodeCache: size=245760Kb used=2675Kb max_used=2691Kb free=243084Kb
 bounds [0x0000000002c20000, 0x0000000002ed0000, 0x0000000011c20000]
 total_blobs=1174 nmethods=683 adapters=406
 compilation: enabled

Compilation events (10 events):
Event: 2.211 Thread 0x00000000152f6000 nmethod 678 0x0000000002ebd390 code [0x0000000002ebd4e0, 0x0000000002ebd690]
Event: 2.211 Thread 0x00000000152f6000  680       3       me.extain.game.objects.component.Collider::getY (5 bytes)
Event: 2.211 Thread 0x00000000152f3000  683       4       java.util.ArrayList::get (11 bytes)
Event: 2.211 Thread 0x00000000152f6000 nmethod 680 0x0000000002ebd710 code [0x0000000002ebd860, 0x0000000002ebd9b0]
Event: 2.211 Thread 0x00000000152f6000  682       1       me.extain.game.objects.component.Collider::getHalfWidth (5 bytes)
Event: 2.211 Thread 0x00000000152f6000 nmethod 682 0x0000000002ebda50 code [0x0000000002ebdba0, 0x0000000002ebdcb0]
Event: 2.211 Thread 0x00000000152f6000  681       3       me.extain.game.objects.component.Collider::getHalfHeight (5 bytes)
Event: 2.211 Thread 0x00000000152f6000 nmethod 681 0x0000000002ebdd10 code [0x0000000002ebde60, 0x0000000002ebdfb0]
Event: 2.212 Thread 0x00000000152f3000 nmethod 683 0x0000000002ec2210 code [0x0000000002ec2340, 0x0000000002ec23f8]
Event: 2.212 Thread 0x00000000152ed800 nmethod 675 0x0000000002ec0950 code [0x0000000002ec0a80, 0x0000000002ec0c58]

GC Heap History (2 events):
Event: 2.119 GC heap before
{Heap before GC invocations=1 (full 0):
 PSYoungGen      total 18944K, used 15961K [0x00000000eab00000, 0x00000000ec000000, 0x0000000100000000)
  eden space 16384K, 97% used [0x00000000eab00000,0x00000000eba964e0,0x00000000ebb00000)
  from space 2560K, 0% used [0x00000000ebd80000,0x00000000ebd80000,0x00000000ec000000)
  to   space 2560K, 0% used [0x00000000ebb00000,0x00000000ebb00000,0x00000000ebd80000)
 ParOldGen       total 44032K, used 0K [0x00000000c0000000, 0x00000000c2b00000, 0x00000000eab00000)
  object space 44032K, 0% used [0x00000000c0000000,0x00000000c0000000,0x00000000c2b00000)
 Metaspace       used 9858K, capacity 10050K, committed 10240K, reserved 1058816K
  class space    used 1191K, capacity 1258K, committed 1280K, reserved 1048576K
Event: 2.131 GC heap after
Heap after GC invocations=1 (full 0):
 PSYoungGen      total 18944K, used 2537K [0x00000000eab00000, 0x00000000ec000000, 0x0000000100000000)
  eden space 16384K, 0% used [0x00000000eab00000,0x00000000eab00000,0x00000000ebb00000)
  from space 2560K, 99% used [0x00000000ebb00000,0x00000000ebd7a610,0x00000000ebd80000)
  to   space 2560K, 0% used [0x00000000ebd80000,0x00000000ebd80000,0x00000000ec000000)
 ParOldGen       total 44032K, used 3060K [0x00000000c0000000, 0x00000000c2b00000, 0x00000000eab00000)
  object space 44032K, 6% used [0x00000000c0000000,0x00000000c02fd230,0x00000000c2b00000)
 Metaspace       used 9858K, capacity 10050K, committed 10240K, reserved 1058816K
  class space    used 1191K, capacity 1258K, committed 1280K, reserved 1048576K
}

Deoptimization events (1 events):
Event: 0.467 Thread 0x0000000002b20800 Uncommon trap: reason=null_check action=make_not_entrant pc=0x0000000002d9b5dc method=java.lang.String.equals(Ljava/lang/Object;)Z @ 8

Internal exceptions (10 events):
Event: 0.045 Thread 0x0000000002b20800 Exception <a 'java/lang/NoSuchMethodError': Method sun.misc.Unsafe.prefetchRead(Ljava/lang/Object;J)V name or signature does not match> (0x00000000eab07fa8) thrown at [D:\re\workspace\8-2-build-windows-amd64-cygwin\jdk8u92\6642\hotspot\src\share\vm\prims\jG"ÞÖ¬gÄ?
Event: 0.159 Thread 0x0000000002b20800 Exception <a 'java/security/PrivilegedActionException'> (0x00000000eab92540) thrown at [D:\re\workspace\8-2-build-windows-amd64-cygwin\jdk8u92\6642\hotspot\src\share\vm\prims\jvm.cpp, line 1386]
Event: 0.159 Thread 0x0000000002b20800 Exception <a 'java/security/PrivilegedActionException'> (0x00000000eab92750) thrown at [D:\re\workspace\8-2-build-windows-amd64-cygwin\jdk8u92\6642\hotspot\src\share\vm\prims\jvm.cpp, line 1386]
Event: 0.160 Thread 0x0000000002b20800 Exception <a 'java/security/PrivilegedActionException'> (0x00000000eab962f8) thrown at [D:\re\workspace\8-2-build-windows-amd64-cygwin\jdk8u92\6642\hotspot\src\share\vm\prims\jvm.cpp, line 1386]
Event: 0.160 Thread 0x0000000002b20800 Exception <a 'java/security/PrivilegedActionException'> (0x00000000eab96508) thrown at [D:\re\workspace\8-2-build-windows-amd64-cygwin\jdk8u92\6642\hotspot\src\share\vm\prims\jvm.cpp, line 1386]
Event: 0.167 Thread 0x0000000002b20800 Exception <a 'java/io/FileNotFoundException'> (0x00000000eab989d0) thrown at [D:\re\workspace\8-2-build-windows-amd64-cygwin\jdk8u92\6642\hotspot\src\share\vm\prims\jni.cpp, line 709]
Event: 0.223 Thread 0x0000000002b20800 Exception <a 'java/lang/NoSuchFieldError': method resolution failed> (0x00000000eacb8008) thrown at [D:\re\workspace\8-2-build-windows-amd64-cygwin\jdk8u92\6642\hotspot\src\share\vm\prims\methodHandles.cpp, line 1146]
Event: 0.225 Thread 0x0000000002b20800 Exception <a 'java/lang/NoSuchFieldError': method resolution failed> (0x00000000eacc56b0) thrown at [D:\re\workspace\8-2-build-windows-amd64-cygwin\jdk8u92\6642\hotspot\src\share\vm\prims\methodHandles.cpp, line 1146]
Event: 0.316 Thread 0x0000000002b20800 Exception <a 'java/io/FileNotFoundException'> (0x00000000ead59f48) thrown at [D:\re\workspace\8-2-build-windows-amd64-cygwin\jdk8u92\6642\hotspot\src\share\vm\prims\jni.cpp, line 709]
Event: 0.467 Thread 0x0000000002b20800 Implicit null exception at 0x0000000002d9b41b to 0x0000000002d9b5cd

Events (10 events):
Event: 2.159 loading class me/extain/game/objects/powerup/Powerup done
Event: 2.168 Thread 0x000000001d2a6000 Thread added: 0x000000001d2a6000
Event: 2.176 loading class me/extain/game/objects/powerup/Powerup$Effect
Event: 2.176 loading class me/extain/game/objects/powerup/Powerup$Effect done
Event: 2.177 loading class me/extain/game/objects/VirusCell
Event: 2.177 loading class me/extain/game/objects/VirusCell done
Event: 2.204 loading class me/extain/game/objects/VirusCell$states
Event: 2.204 loading class me/extain/game/objects/VirusCell$states done
Event: 2.208 Thread 0x000000001d226800 DEOPT PACKING pc=0x0000000002e29dac sp=0x000000001dcceb20
Event: 2.208 Thread 0x000000001d226800 DEOPT UNPACKING pc=0x0000000002c671bf sp=0x000000001dcce838 mode 0


Dynamic libraries:
0x00007ff77df20000 - 0x00007ff77df57000 	C:\Program Files\Java\jre1.8.0_92\bin\javaw.exe
0x00007ffa606f0000 - 0x00007ffa608c1000 	C:\WINDOWS\SYSTEM32\ntdll.dll
0x00007ffa5f3e0000 - 0x00007ffa5f48b000 	C:\WINDOWS\System32\KERNEL32.DLL
0x00007ffa5d6d0000 - 0x00007ffa5d8ed000 	C:\WINDOWS\System32\KERNELBASE.dll
0x00007ffa60640000 - 0x00007ffa606e2000 	C:\WINDOWS\System32\ADVAPI32.dll
0x00007ffa5f6b0000 - 0x00007ffa5f74e000 	C:\WINDOWS\System32\msvcrt.dll
0x00007ffa5f300000 - 0x00007ffa5f359000 	C:\WINDOWS\System32\sechost.dll
0x00007ffa5f580000 - 0x00007ffa5f6a1000 	C:\WINDOWS\System32\RPCRT4.dll
0x00007ffa5dc80000 - 0x00007ffa5dde5000 	C:\WINDOWS\System32\USER32.dll
0x00007ffa5d430000 - 0x00007ffa5d44e000 	C:\WINDOWS\System32\win32u.dll
0x00007ffa602c0000 - 0x00007ffa602f4000 	C:\WINDOWS\System32\GDI32.dll
0x00007ffa5da90000 - 0x00007ffa5dc12000 	C:\WINDOWS\System32\gdi32full.dll
0x00007ffa4a6c0000 - 0x00007ffa4a93a000 	C:\WINDOWS\WinSxS\amd64_microsoft.windows.common-controls_6595b64144ccf1df_6.0.14393.953_none_42151e83c686086b\COMCTL32.dll
0x00007ffa5fe40000 - 0x00007ffa60108000 	C:\WINDOWS\System32\combase.dll
0x00007ffa5d8f0000 - 0x00007ffa5d9e5000 	C:\WINDOWS\System32\ucrtbase.dll
0x00007ffa5d310000 - 0x00007ffa5d37a000 	C:\WINDOWS\System32\bcryptPrimitives.dll
0x00007ffa5f970000 - 0x00007ffa5f99e000 	C:\WINDOWS\System32\IMM32.DLL
0x0000000051310000 - 0x00000000513e2000 	C:\Program Files\Java\jre1.8.0_92\bin\msvcr100.dll
0x0000000050800000 - 0x0000000051096000 	C:\Program Files\Java\jre1.8.0_92\bin\server\jvm.dll
0x00007ffa60210000 - 0x00007ffa60218000 	C:\WINDOWS\System32\PSAPI.DLL
0x00007ffa566c0000 - 0x00007ffa566ca000 	C:\WINDOWS\SYSTEM32\VERSION.dll
0x00007ffa5ab50000 - 0x00007ffa5ab73000 	C:\WINDOWS\SYSTEM32\WINMM.dll
0x00007ffa5ab80000 - 0x00007ffa5ab89000 	C:\WINDOWS\SYSTEM32\WSOCK32.dll
0x00007ffa5f4f0000 - 0x00007ffa5f55a000 	C:\WINDOWS\System32\ws2_32.DLL
0x00007ffa5aac0000 - 0x00007ffa5aaeb000 	C:\WINDOWS\SYSTEM32\WINMMBASE.dll
0x00007ffa5d2c0000 - 0x00007ffa5d302000 	C:\WINDOWS\System32\cfgmgr32.dll
0x0000000050710000 - 0x000000005071f000 	C:\Program Files\Java\jre1.8.0_92\bin\verify.dll
0x00000000506e0000 - 0x0000000050709000 	C:\Program Files\Java\jre1.8.0_92\bin\java.dll
0x00000000506c0000 - 0x00000000506d6000 	C:\Program Files\Java\jre1.8.0_92\bin\zip.dll
0x00007ffa5ddf0000 - 0x00007ffa5f2f8000 	C:\WINDOWS\System32\SHELL32.dll
0x00007ffa5cbe0000 - 0x00007ffa5d2ba000 	C:\WINDOWS\System32\windows.storage.dll
0x00007ffa5cb50000 - 0x00007ffa5cb9c000 	C:\WINDOWS\System32\powrprof.dll
0x00007ffa604a0000 - 0x00007ffa604f2000 	C:\WINDOWS\System32\shlwapi.dll
0x00007ffa5cbd0000 - 0x00007ffa5cbdf000 	C:\WINDOWS\System32\kernel.appcore.dll
0x00007ffa5d620000 - 0x00007ffa5d6c9000 	C:\WINDOWS\System32\shcore.dll
0x00007ffa5cba0000 - 0x00007ffa5cbb4000 	C:\WINDOWS\System32\profapi.dll
0x0000000051170000 - 0x0000000051308000 	C:\Program Files\Java\jre1.8.0_92\bin\awt.dll
0x00007ffa5f8b0000 - 0x00007ffa5f96f000 	C:\WINDOWS\System32\OLEAUT32.dll
0x00007ffa5d9f0000 - 0x00007ffa5da8c000 	C:\WINDOWS\System32\msvcp_win.dll
0x00007ffa5b0f0000 - 0x00007ffa5b16a000 	C:\WINDOWS\SYSTEM32\apphelp.dll
0x00007ffa5aa30000 - 0x00007ffa5aa56000 	C:\WINDOWS\system32\DWMAPI.DLL
0x00007ffa5b330000 - 0x00007ffa5b3c5000 	C:\WINDOWS\system32\uxtheme.dll
0x00007ffa5f750000 - 0x00007ffa5f8aa000 	C:\WINDOWS\System32\MSCTF.dll
0x00007ffa60500000 - 0x00007ffa60637000 	C:\WINDOWS\System32\ole32.dll
0x00007ffa35ef0000 - 0x00007ffa3607d000 	C:\WINDOWS\system32\d3d9.dll
0x00007ffa34e30000 - 0x00007ffa35eec000 	C:\WINDOWS\System32\DriverStore\FileRepository\nv_dispiwu.inf_amd64_b67dc924fff8de6d\nvd3dumx.dll
0x00007ffa51250000 - 0x00007ffa51419000 	C:\WINDOWS\system32\nvspcap64.dll
0x00007ffa5fa10000 - 0x00007ffa5fe39000 	C:\WINDOWS\System32\SETUPAPI.dll
0x00007ffa592b0000 - 0x00007ffa5937d000 	C:\WINDOWS\SYSTEM32\WINHTTP.dll
0x00007ffa53280000 - 0x00007ffa5367b000 	C:\WINDOWS\system32\nvapi64.dll
0x00007ffa5bad0000 - 0x00007ffa5bb6f000 	C:\WINDOWS\SYSTEM32\dxgi.dll
0x00007ffa53ca0000 - 0x00007ffa53d86000 	C:\Program Files (x86)\NVIDIA Corporation\3D Vision\nvSCPAPI64.dll
0x0000000051470000 - 0x00000000514b7000 	C:\Program Files\Java\jre1.8.0_92\bin\fontmanager.dll
0x00007ffa5c630000 - 0x00007ffa5c647000 	C:\WINDOWS\SYSTEM32\CRYPTSP.dll
0x00007ffa5c020000 - 0x00007ffa5c053000 	C:\WINDOWS\system32\rsaenh.dll
0x00007ffa5ca90000 - 0x00007ffa5cabb000 	C:\WINDOWS\SYSTEM32\bcrypt.dll
0x00007ffa5c2a0000 - 0x00007ffa5c2bf000 	C:\WINDOWS\SYSTEM32\USERENV.dll
0x00007ffa5c620000 - 0x00007ffa5c62b000 	C:\WINDOWS\SYSTEM32\CRYPTBASE.dll
0x00000000506a0000 - 0x00000000506ba000 	C:\Program Files\Java\jre1.8.0_92\bin\net.dll
0x00007ffa5c420000 - 0x00007ffa5c47c000 	C:\WINDOWS\system32\mswsock.dll
0x00007ffa5c1a0000 - 0x00007ffa5c1d8000 	C:\WINDOWS\SYSTEM32\IPHLPAPI.DLL
0x00007ffa5f3d0000 - 0x00007ffa5f3d8000 	C:\WINDOWS\System32\NSI.dll
0x00007ffa58cc0000 - 0x00007ffa58cd6000 	C:\WINDOWS\SYSTEM32\dhcpcsvc6.DLL
0x00007ffa58ca0000 - 0x00007ffa58cba000 	C:\WINDOWS\SYSTEM32\dhcpcsvc.DLL
0x0000000050680000 - 0x0000000050691000 	C:\Program Files\Java\jre1.8.0_92\bin\nio.dll
0x0000000051460000 - 0x000000005146c000 	C:\Program Files\Java\jre1.8.0_92\bin\jsound.dll
0x0000000051450000 - 0x000000005145b000 	C:\Program Files\Java\jre1.8.0_92\bin\jsoundds.dll
0x00007ffa3e030000 - 0x00007ffa3e0cb000 	C:\WINDOWS\SYSTEM32\DSOUND.dll
0x00007ffa59470000 - 0x00007ffa594e1000 	C:\WINDOWS\SYSTEM32\MMDevAPI.DLL
0x00007ffa5b810000 - 0x00007ffa5b838000 	C:\WINDOWS\SYSTEM32\DEVOBJ.dll
0x00007ffa5a8a0000 - 0x00007ffa5aa25000 	C:\WINDOWS\SYSTEM32\PROPSYS.dll
0x00007ffa40250000 - 0x00007ffa4028f000 	C:\WINDOWS\SYSTEM32\wdmaud.drv
0x00007ffa4e550000 - 0x00007ffa4e559000 	C:\WINDOWS\SYSTEM32\ksuser.dll
0x00007ffa562e0000 - 0x00007ffa562eb000 	C:\WINDOWS\SYSTEM32\AVRT.dll
0x00007ffa3e850000 - 0x00007ffa3e8e4000 	C:\WINDOWS\SYSTEM32\AUDIOSES.DLL
0x00007ffa57c40000 - 0x00007ffa57d76000 	C:\WINDOWS\SYSTEM32\wintypes.dll
0x00007ffa4c620000 - 0x00007ffa4c62d000 	C:\WINDOWS\SYSTEM32\msacm32.drv
0x00007ffa479d0000 - 0x00007ffa479ec000 	C:\WINDOWS\SYSTEM32\MSACM32.dll
0x00007ffa4c220000 - 0x00007ffa4c22a000 	C:\WINDOWS\SYSTEM32\midimap.dll
0x00007ffa60220000 - 0x00007ffa602bf000 	C:\WINDOWS\System32\clbcatq.dll
0x0000000051120000 - 0x0000000051162000 	C:\Program Files\Java\jre1.8.0_92\bin\t2k.dll
0x00007ffa58200000 - 0x00007ffa58392000 	C:\WINDOWS\SYSTEM32\dbghelp.dll

VM Arguments:
jvm_args: -Dfile.encoding=Cp1252 
java_command: me.extain.game.Main
java_class_path (initial): C:\Users\Levi\Desktop\Ludum Dare\Ludum Dare 38\bin
Launcher Type: SUN_STANDARD

Environment Variables:
PATH=C:/Program Files/Java/jre1.8.0_92/bin/server;C:/Program Files/Java/jre1.8.0_92/bin;C:/Program Files/Java/jre1.8.0_92/lib/amd64;C:\Program Files (x86)\Razer Chroma SDK\bin;C:\Program Files\Razer Chroma SDK\bin;C:\ProgramData\Oracle\Java\javapath;C:\Windows\system32;C:\Windows;C:\Windows\System32\Wbem;C:\Windows\System32\WindowsPowerShell\v1.0\;C:\Program Files (x86)\Skype\Phone\;C:\Program Files (x86)\MySQL\MySQL Fabric 1.5 & MySQL Utilities 1.5\;C:\Program Files (x86)\MySQL\MySQL Fabric 1.5 & MySQL Utilities 1.5\Doctrine extensions for PHP\;C:\Users\Levi\.dnx\bin;C:\Program Files\Microsoft DNX\Dnvm\;C:\Program Files\Microsoft SQL Server\130\Tools\Binn\;C:\WINDOWS\system32;C:\WINDOWS;C:\WINDOWS\System32\Wbem;C:\WINDOWS\System32\WindowsPowerShell\v1.0\;C:\Program Files\Git\cmd;C:\Program Files (x86)\NVIDIA Corporation\PhysX\Common;C:\Program Files (x86)\GtkSharp\2.12\bin;C:\Users\Levi\AppData\Local\Microsoft\WindowsApps;C:\Users\Levi\AppData\Local\Microsoft\WindowsApps;;C:\WINDOWS\system32;
USERNAME=Levi
OS=Windows_NT
PROCESSOR_IDENTIFIER=Intel64 Family 6 Model 15 Stepping 11, GenuineIntel



---------------  S Y S T E M  ---------------

OS: Windows 10.0 , 64 bit Build 14393 (10.0.14393.0)

CPU:total 4 (4 cores per cpu, 1 threads per core) family 6 model 15 stepping 11, cmov, cx8, fxsr, mmx, sse, sse2, sse3, ssse3, tsc

Memory: 4k page, physical 4193252k(612928k free), swap 8291908k(2354228k free)

vm_info: Java HotSpot(TM) 64-Bit Server VM (25.92-b14) for windows-amd64 JRE (1.8.0_92-b14), built on Mar 31 2016 21:03:04 by "java_re" with MS VC++ 10.0 (VS2010)

time: Sat Apr 22 17:18:08 2017
elapsed time: 2 seconds (0d 0h 0m 2s)

