#
# A fatal error has been detected by the Java Runtime Environment:
#
#  EXCEPTION_ACCESS_VIOLATION (0xc0000005) at pc=0xffffffffa3735120, pid=10132, tid=0x0000000000002328
#
# JRE version: Java(TM) SE Runtime Environment (8.0_92-b14) (build 1.8.0_92-b14)
# Java VM: Java HotSpot(TM) 64-Bit Server VM (25.92-b14 mixed mode windows-amd64 compressed oops)
# Problematic frame:
# C  0xffffffffa3735120
#
# Failed to write core dump. Minidumps are not enabled by default on client versions of Windows
#
# If you would like to submit a bug report, please visit:
#   http://bugreport.java.com/bugreport/crash.jsp
#

---------------  T H R E A D  ---------------

Current thread (0x0000000016b1e800):  JavaThread "AWT-Windows" daemon [_thread_in_Java, id=9000, stack(0x00000000170f0000,0x00000000171f0000)]

siginfo: ExceptionCode=0xc0000005, ExceptionInformation=0x0000000000000008 0xffffffffa3735120

Registers:
RAX=0x000000010001bcf8, RBX=0x00000000145415d0, RCX=0x0000000000000001, RDX=0x00000000ead9c590
RSP=0x00000000171ede98, RBP=0x00000000171ee078, RSI=0x0000000014846b10, RDI=0x00000000000004aa
R8 =0x0000000000000001, R9 =0x00000000eada0e30, R10=0x00000000eada0e40, R11=0x0000000000000000
R12=0x0000000000000000, R13=0x0000000000000128, R14=0x00000000000004aa, R15=0x0000000016b1e800
RIP=0xffffffffa3735120, EFLAGS=0x0000000000010202

Top of Stack: (sp=0x00000000171ede98)
0x00000000171ede98:   00000000028a7994 00000000171edea0
0x00000000171edea8:   00000000144feb20 00000000171edef0
0x00000000171edeb8:   00000000145bc7e0 0000000000000000
0x00000000171edec8:   00000000144feb28 0000000000000000
0x00000000171eded8:   00000000171edef0 0000000001002016
0x00000000171edee8:   00000000ead9c590 00000000eada0e30
0x00000000171edef8:   00000000eab4e940 0000001600000001
0x00000000171edf08:   00000000ead9d590 00000000145bc7e0
0x00000000171edf18:   0000000000000000 00000000144fea98
0x00000000171edf28:   0000000000000000 00000000171edf50
0x00000000171edf38:   00000000171ee078 00000000171ee078
0x00000000171edf48:   00000000028a869c 0000000000000001
0x00000000171edf58:   000000000000006c 0000000000000008
0x00000000171edf68:   00000000eada0101 00000000171edf00
0x00000000171edf78:   00000001000d6000 00000001000d6000
0x00000000171edf88:   0000000016b1e800 0000000014a28f50 

Instructions: (pc=0xffffffffa3735120)
0xffffffffa3735100:   
[error occurred during error reporting (printing registers, top of stack, instructions near pc), id 0xc0000005]

Register to memory mapping:

RAX=0x000000010001bcf8 is pointing into metadata
RBX={method} {0x00000000145415d8} 'afterNodeInsertion' '(Z)V' in 'java/util/HashMap'
RCX=0x0000000000000001 is an unknown value
RDX=0x00000000ead9c590 is an oop
java.util.HashMap 
 - klass: 'java/util/HashMap'
RSP=0x00000000171ede98 is pointing into the stack for thread: 0x0000000016b1e800
RBP=0x00000000171ee078 is pointing into the stack for thread: 0x0000000016b1e800
RSI=0x0000000014846b10 is pointing into metadata
RDI=0x00000000000004aa is an unknown value
R8 =0x0000000000000001 is an unknown value
R9 =0x00000000eada0e30 is an oop
java.lang.Integer 
 - klass: 'java/lang/Integer'
R10=0x00000000eada0e40 is an oop
java.util.HashMap$Node 
 - klass: 'java/util/HashMap$Node'
R11=0x0000000000000000 is an unknown value
R12=0x0000000000000000 is an unknown value
R13=0x0000000000000128 is an unknown value
R14=0x00000000000004aa is an unknown value
R15=0x0000000016b1e800 is a thread


Stack: [0x00000000170f0000,0x00000000171f0000],  sp=0x00000000171ede98,  free space=1015k
Native frames: (J=compiled Java code, j=interpreted, Vv=VM code, C=native code)
C  0xffffffffa3735120


---------------  P R O C E S S  ---------------

Java Threads: ( => current thread )
=>0x0000000016b1e800 JavaThread "AWT-Windows" daemon [_thread_in_Java, id=9000, stack(0x00000000170f0000,0x00000000171f0000)]
  0x0000000016b1c000 JavaThread "AWT-Shutdown" [_thread_blocked, id=15964, stack(0x0000000016ff0000,0x00000000170f0000)]
  0x0000000016b1b800 JavaThread "Java2D Disposer" daemon [_thread_blocked, id=1072, stack(0x0000000016e70000,0x0000000016f70000)]
  0x0000000014e5e000 JavaThread "Service Thread" daemon [_thread_blocked, id=10468, stack(0x0000000016b40000,0x0000000016c40000)]
  0x0000000014e09800 JavaThread "C1 CompilerThread2" daemon [_thread_blocked, id=4876, stack(0x0000000016640000,0x0000000016740000)]
  0x0000000014e06800 JavaThread "C2 CompilerThread1" daemon [_thread_blocked, id=8848, stack(0x0000000016540000,0x0000000016640000)]
  0x0000000014dfd800 JavaThread "C2 CompilerThread0" daemon [_thread_blocked, id=16180, stack(0x0000000016440000,0x0000000016540000)]
  0x0000000014dfc800 JavaThread "Attach Listener" daemon [_thread_blocked, id=12900, stack(0x0000000016340000,0x0000000016440000)]
  0x0000000014dfb000 JavaThread "Signal Dispatcher" daemon [_thread_blocked, id=8824, stack(0x0000000016240000,0x0000000016340000)]
  0x0000000014dea800 JavaThread "Finalizer" daemon [_thread_blocked, id=7540, stack(0x0000000016050000,0x0000000016150000)]
  0x0000000002721800 JavaThread "Reference Handler" daemon [_thread_blocked, id=11236, stack(0x0000000015f50000,0x0000000016050000)]
  0x0000000002630800 JavaThread "main" [_thread_in_native, id=7092, stack(0x0000000002500000,0x0000000002600000)]

Other Threads:
  0x0000000014dc7000 VMThread [stack: 0x0000000015e50000,0x0000000015f50000] [id=3904]
  0x0000000016767800 WatcherThread [stack: 0x0000000016c40000,0x0000000016d40000] [id=1656]

VM state:synchronizing (normal execution)

VM Mutex/Monitor currently owned by a thread:  ([mutex/lock_event])
[0x0000000000d9c860] Safepoint_lock - owner thread: 0x0000000014dc7000
[0x0000000000d9c560] Threads_lock - owner thread: 0x0000000014dc7000

Heap:
 PSYoungGen      total 18944K, used 3605K [0x00000000eab00000, 0x00000000ec000000, 0x0000000100000000)
  eden space 16384K, 22% used [0x00000000eab00000,0x00000000eae85610,0x00000000ebb00000)
  from space 2560K, 0% used [0x00000000ebd80000,0x00000000ebd80000,0x00000000ec000000)
  to   space 2560K, 0% used [0x00000000ebb00000,0x00000000ebb00000,0x00000000ebd80000)
 ParOldGen       total 44032K, used 0K [0x00000000c0000000, 0x00000000c2b00000, 0x00000000eab00000)
  object space 44032K, 0% used [0x00000000c0000000,0x00000000c0000000,0x00000000c2b00000)
 Metaspace       used 6633K, capacity 6822K, committed 7040K, reserved 1056768K
  class space    used 788K, capacity 868K, committed 896K, reserved 1048576K

Card table byte_map: [0x0000000011af0000,0x0000000011d00000] byte_map_base: 0x00000000114f0000

Marking Bits: (ParMarkBitMap*) 0x00000000510164f0
 Begin Bits: [0x0000000012260000, 0x0000000013260000)
 End Bits:   [0x0000000013260000, 0x0000000014260000)

Polling page: 0x00000000008f0000

CodeCache: size=245760Kb used=1612Kb max_used=1612Kb free=244147Kb
 bounds [0x0000000002730000, 0x00000000029a0000, 0x0000000011730000]
 total_blobs=619 nmethods=272 adapters=262
 compilation: enabled

Compilation events (10 events):
Event: 1.090 Thread 0x0000000014e09800 nmethod 267 0x00000000028c1410 code [0x00000000028c1560, 0x00000000028c1670]
Event: 1.091 Thread 0x0000000014e09800  268       3       sun.util.logging.PlatformLogger::isLoggable (38 bytes)
Event: 1.091 Thread 0x0000000014e09800 nmethod 268 0x00000000028c16d0 code [0x00000000028c1860, 0x00000000028c1c68]
Event: 1.091 Thread 0x0000000014e09800  269       3       sun.util.logging.PlatformLogger$DefaultLoggerProxy::isLoggable (29 bytes)
Event: 1.092 Thread 0x0000000014e09800 nmethod 269 0x00000000028c1dd0 code [0x00000000028c1f60, 0x00000000028c2490]
Event: 1.094 Thread 0x0000000014e09800  270       3       java.lang.Integer::valueOf (32 bytes)
Event: 1.095 Thread 0x0000000014e09800 nmethod 270 0x00000000028c2850 code [0x00000000028c29c0, 0x00000000028c2d10]
Event: 1.095 Thread 0x0000000014e09800  272       1       java.util.HashMap::afterNodeInsertion (1 bytes)
Event: 1.095 Thread 0x0000000014e09800 nmethod 272 0x00000000028c2ed0 code [0x00000000028c3020, 0x00000000028c3130]
Event: 1.095 Thread 0x0000000014e09800  271       3       java.lang.Integer::<init> (10 bytes)

GC Heap History (0 events):
No events

Deoptimization events (1 events):
Event: 1.047 Thread 0x0000000002630800 Uncommon trap: reason=null_check action=make_not_entrant pc=0x00000000028a4df8 method=java.lang.String.equals(Ljava/lang/Object;)Z @ 8

Internal exceptions (10 events):
Event: 0.128 Thread 0x0000000002630800 Exception <a 'java/lang/NoSuchMethodError': Method sun.misc.Unsafe.prefetchRead(Ljava/lang/Object;J)V name or signature does not match> (0x00000000eab07fa8) thrown at [D:\re\workspace\8-2-build-windows-amd64-cygwin\jdk8u92\6642\hotspot\src\share\vm\prims\j.?ÇC;Çá?
Event: 0.556 Thread 0x0000000002630800 Exception <a 'java/security/PrivilegedActionException'> (0x00000000eab921f0) thrown at [D:\re\workspace\8-2-build-windows-amd64-cygwin\jdk8u92\6642\hotspot\src\share\vm\prims\jvm.cpp, line 1386]
Event: 0.556 Thread 0x0000000002630800 Exception <a 'java/security/PrivilegedActionException'> (0x00000000eab92400) thrown at [D:\re\workspace\8-2-build-windows-amd64-cygwin\jdk8u92\6642\hotspot\src\share\vm\prims\jvm.cpp, line 1386]
Event: 0.557 Thread 0x0000000002630800 Exception <a 'java/security/PrivilegedActionException'> (0x00000000eab95fa8) thrown at [D:\re\workspace\8-2-build-windows-amd64-cygwin\jdk8u92\6642\hotspot\src\share\vm\prims\jvm.cpp, line 1386]
Event: 0.557 Thread 0x0000000002630800 Exception <a 'java/security/PrivilegedActionException'> (0x00000000eab961b8) thrown at [D:\re\workspace\8-2-build-windows-amd64-cygwin\jdk8u92\6642\hotspot\src\share\vm\prims\jvm.cpp, line 1386]
Event: 0.577 Thread 0x0000000002630800 Exception <a 'java/io/FileNotFoundException'> (0x00000000eab98680) thrown at [D:\re\workspace\8-2-build-windows-amd64-cygwin\jdk8u92\6642\hotspot\src\share\vm\prims\jni.cpp, line 709]
Event: 0.723 Thread 0x0000000002630800 Exception <a 'java/lang/NoSuchFieldError': method resolution failed> (0x00000000eacb7d98) thrown at [D:\re\workspace\8-2-build-windows-amd64-cygwin\jdk8u92\6642\hotspot\src\share\vm\prims\methodHandles.cpp, line 1146]
Event: 0.734 Thread 0x0000000002630800 Exception <a 'java/lang/NoSuchFieldError': method resolution failed> (0x00000000eacc5440) thrown at [D:\re\workspace\8-2-build-windows-amd64-cygwin\jdk8u92\6642\hotspot\src\share\vm\prims\methodHandles.cpp, line 1146]
Event: 0.841 Thread 0x0000000002630800 Exception <a 'java/io/FileNotFoundException'> (0x00000000ead59cf0) thrown at [D:\re\workspace\8-2-build-windows-amd64-cygwin\jdk8u92\6642\hotspot\src\share\vm\prims\jni.cpp, line 709]
Event: 1.047 Thread 0x0000000002630800 Implicit null exception at 0x00000000028a4c22 to 0x00000000028a4de9

Events (10 events):
Event: 1.093 loading class sun/awt/windows/WWindowPeer done
Event: 1.093 loading class sun/awt/windows/WFramePeer done
Event: 1.093 loading class sun/awt/windows/WWindowPeer$ActiveWindowListener
Event: 1.093 loading class sun/awt/windows/WWindowPeer$ActiveWindowListener done
Event: 1.093 loading class sun/awt/windows/WWindowPeer$GuiDisposedListener
Event: 1.093 loading class sun/awt/windows/WWindowPeer$GuiDisposedListener done
Event: 1.093 loading class sun/awt/RepaintArea
Event: 1.093 loading class sun/awt/RepaintArea done
Event: 1.094 loading class sun/awt/ExtendedKeyCodes
Event: 1.094 loading class sun/awt/ExtendedKeyCodes done


Dynamic libraries:
0x00007ff6b0920000 - 0x00007ff6b0957000 	C:\Program Files\Java\jre1.8.0_92\bin\javaw.exe
0x00007ffa606f0000 - 0x00007ffa608c1000 	C:\WINDOWS\SYSTEM32\ntdll.dll
0x00007ffa5f3e0000 - 0x00007ffa5f48b000 	C:\WINDOWS\System32\KERNEL32.DLL
0x00007ffa5d6d0000 - 0x00007ffa5d8ed000 	C:\WINDOWS\System32\KERNELBASE.dll
0x00007ffa60640000 - 0x00007ffa606e2000 	C:\WINDOWS\System32\ADVAPI32.dll
0x00007ffa5f6b0000 - 0x00007ffa5f74e000 	C:\WINDOWS\System32\msvcrt.dll
0x00007ffa5f300000 - 0x00007ffa5f359000 	C:\WINDOWS\System32\sechost.dll
0x00007ffa5f580000 - 0x00007ffa5f6a1000 	C:\WINDOWS\System32\RPCRT4.dll
0x00007ffa5dc80000 - 0x00007ffa5dde5000 	C:\WINDOWS\System32\USER32.dll
0x00007ffa5d430000 - 0x00007ffa5d44e000 	C:\WINDOWS\System32\win32u.dll
0x00007ffa602c0000 - 0x00007ffa602f4000 	C:\WINDOWS\System32\GDI32.dll
0x00007ffa5da90000 - 0x00007ffa5dc12000 	C:\WINDOWS\System32\gdi32full.dll
0x00007ffa4a6c0000 - 0x00007ffa4a93a000 	C:\WINDOWS\WinSxS\amd64_microsoft.windows.common-controls_6595b64144ccf1df_6.0.14393.953_none_42151e83c686086b\COMCTL32.dll
0x00007ffa5fe40000 - 0x00007ffa60108000 	C:\WINDOWS\System32\combase.dll
0x00007ffa5d8f0000 - 0x00007ffa5d9e5000 	C:\WINDOWS\System32\ucrtbase.dll
0x00007ffa5d310000 - 0x00007ffa5d37a000 	C:\WINDOWS\System32\bcryptPrimitives.dll
0x00007ffa5f970000 - 0x00007ffa5f99e000 	C:\WINDOWS\System32\IMM32.DLL
0x00000000503a0000 - 0x0000000050472000 	C:\Program Files\Java\jre1.8.0_92\bin\msvcr100.dll
0x0000000050800000 - 0x0000000051096000 	C:\Program Files\Java\jre1.8.0_92\bin\server\jvm.dll
0x00007ffa60210000 - 0x00007ffa60218000 	C:\WINDOWS\System32\PSAPI.DLL
0x00007ffa5ab80000 - 0x00007ffa5ab89000 	C:\WINDOWS\SYSTEM32\WSOCK32.dll
0x00007ffa5ab50000 - 0x00007ffa5ab73000 	C:\WINDOWS\SYSTEM32\WINMM.dll
0x00007ffa5f4f0000 - 0x00007ffa5f55a000 	C:\WINDOWS\System32\WS2_32.dll
0x00007ffa566c0000 - 0x00007ffa566ca000 	C:\WINDOWS\SYSTEM32\VERSION.dll
0x00007ffa5aac0000 - 0x00007ffa5aaeb000 	C:\WINDOWS\SYSTEM32\WINMMBASE.dll
0x00007ffa5d2c0000 - 0x00007ffa5d302000 	C:\WINDOWS\System32\cfgmgr32.dll
0x0000000050710000 - 0x000000005071f000 	C:\Program Files\Java\jre1.8.0_92\bin\verify.dll
0x00000000506e0000 - 0x0000000050709000 	C:\Program Files\Java\jre1.8.0_92\bin\java.dll
0x00000000506c0000 - 0x00000000506d6000 	C:\Program Files\Java\jre1.8.0_92\bin\zip.dll
0x00007ffa5ddf0000 - 0x00007ffa5f2f8000 	C:\WINDOWS\System32\SHELL32.dll
0x00007ffa5cbe0000 - 0x00007ffa5d2ba000 	C:\WINDOWS\System32\windows.storage.dll
0x00007ffa5cb50000 - 0x00007ffa5cb9c000 	C:\WINDOWS\System32\powrprof.dll
0x00007ffa604a0000 - 0x00007ffa604f2000 	C:\WINDOWS\System32\shlwapi.dll
0x00007ffa5cbd0000 - 0x00007ffa5cbdf000 	C:\WINDOWS\System32\kernel.appcore.dll
0x00007ffa5d620000 - 0x00007ffa5d6c9000 	C:\WINDOWS\System32\shcore.dll
0x00007ffa5cba0000 - 0x00007ffa5cbb4000 	C:\WINDOWS\System32\profapi.dll
0x0000000050200000 - 0x0000000050398000 	C:\Program Files\Java\jre1.8.0_92\bin\awt.dll
0x00007ffa5f8b0000 - 0x00007ffa5f96f000 	C:\WINDOWS\System32\OLEAUT32.dll
0x00007ffa5d9f0000 - 0x00007ffa5da8c000 	C:\WINDOWS\System32\msvcp_win.dll
0x00007ffa5b0f0000 - 0x00007ffa5b16a000 	C:\WINDOWS\SYSTEM32\apphelp.dll
0x00007ffa5aa30000 - 0x00007ffa5aa56000 	C:\WINDOWS\system32\DWMAPI.DLL
0x00007ffa5b330000 - 0x00007ffa5b3c5000 	C:\WINDOWS\system32\uxtheme.dll
0x00007ffa5f750000 - 0x00007ffa5f8aa000 	C:\WINDOWS\System32\MSCTF.dll
0x00007ffa60500000 - 0x00007ffa60637000 	C:\WINDOWS\System32\ole32.dll
0x00007ffa35ef0000 - 0x00007ffa3607d000 	C:\WINDOWS\system32\d3d9.dll
0x00007ffa34e30000 - 0x00007ffa35eec000 	C:\WINDOWS\System32\DriverStore\FileRepository\nv_dispiwu.inf_amd64_b67dc924fff8de6d\nvd3dumx.dll
0x00007ffa51250000 - 0x00007ffa51419000 	C:\WINDOWS\system32\nvspcap64.dll
0x00007ffa5fa10000 - 0x00007ffa5fe39000 	C:\WINDOWS\System32\SETUPAPI.dll
0x00007ffa592b0000 - 0x00007ffa5937d000 	C:\WINDOWS\SYSTEM32\WINHTTP.dll
0x00007ffa53280000 - 0x00007ffa5367b000 	C:\WINDOWS\system32\nvapi64.dll
0x00007ffa5bad0000 - 0x00007ffa5bb6f000 	C:\WINDOWS\SYSTEM32\dxgi.dll
0x00007ffa53ca0000 - 0x00007ffa53d86000 	C:\Program Files (x86)\NVIDIA Corporation\3D Vision\nvSCPAPI64.dll
0x00007ffa58200000 - 0x00007ffa58392000 	C:\WINDOWS\SYSTEM32\dbghelp.dll

VM Arguments:
jvm_args: -Dfile.encoding=Cp1252 
java_command: me.extain.game.Main
java_class_path (initial): C:\Users\Levi\Desktop\Ludum Dare\Ludum Dare 38\bin
Launcher Type: SUN_STANDARD

Environment Variables:
PATH=C:/Program Files/Java/jre1.8.0_92/bin/server;C:/Program Files/Java/jre1.8.0_92/bin;C:/Program Files/Java/jre1.8.0_92/lib/amd64;C:\Program Files (x86)\Razer Chroma SDK\bin;C:\Program Files\Razer Chroma SDK\bin;C:\ProgramData\Oracle\Java\javapath;C:\Windows\system32;C:\Windows;C:\Windows\System32\Wbem;C:\Windows\System32\WindowsPowerShell\v1.0\;C:\Program Files (x86)\Skype\Phone\;C:\Program Files (x86)\MySQL\MySQL Fabric 1.5 & MySQL Utilities 1.5\;C:\Program Files (x86)\MySQL\MySQL Fabric 1.5 & MySQL Utilities 1.5\Doctrine extensions for PHP\;C:\Users\Levi\.dnx\bin;C:\Program Files\Microsoft DNX\Dnvm\;C:\Program Files\Microsoft SQL Server\130\Tools\Binn\;C:\WINDOWS\system32;C:\WINDOWS;C:\WINDOWS\System32\Wbem;C:\WINDOWS\System32\WindowsPowerShell\v1.0\;C:\Program Files\Git\cmd;C:\Program Files (x86)\NVIDIA Corporation\PhysX\Common;C:\Program Files (x86)\GtkSharp\2.12\bin;C:\Users\Levi\AppData\Local\Microsoft\WindowsApps;C:\Users\Levi\AppData\Local\Microsoft\WindowsApps;;C:\WINDOWS\system32;
USERNAME=Levi
OS=Windows_NT
PROCESSOR_IDENTIFIER=Intel64 Family 6 Model 15 Stepping 11, GenuineIntel



---------------  S Y S T E M  ---------------

OS: Windows 10.0 , 64 bit Build 14393 (10.0.14393.0)

CPU:total 4 (4 cores per cpu, 1 threads per core) family 6 model 15 stepping 11, cmov, cx8, fxsr, mmx, sse, sse2, sse3, ssse3, tsc

Memory: 4k page, physical 4193252k(827740k free), swap 8291924k(1615152k free)

vm_info: Java HotSpot(TM) 64-Bit Server VM (25.92-b14) for windows-amd64 JRE (1.8.0_92-b14), built on Mar 31 2016 21:03:04 by "java_re" with MS VC++ 10.0 (VS2010)

time: Sat Apr 22 13:27:00 2017
elapsed time: 1 seconds (0d 0h 0m 1s)

