#
# A fatal error has been detected by the Java Runtime Environment:
#
#  EXCEPTION_ACCESS_VIOLATION (0xc0000005) at pc=0x0000000002b00260, pid=3608, tid=0x0000000000002c70
#
# JRE version:  (8.0_92-b14) (build )
# Java VM: Java HotSpot(TM) 64-Bit Server VM (25.92-b14 mixed mode windows-amd64 compressed oops)
# Problematic frame:
# v  ~BufferBlob::get_cpu_info_stub
#
# Failed to write core dump. Minidumps are not enabled by default on client versions of Windows
#
# If you would like to submit a bug report, please visit:
#   http://bugreport.java.com/bugreport/crash.jsp
#

---------------  T H R E A D  ---------------

Current thread (0x0000000002a00800):  JavaThread "Unknown thread" [_thread_in_vm, id=11376, stack(0x00000000028c0000,0x00000000029c0000)]

siginfo: ExceptionCode=0xc0000005, reading address 0xffffffffffffffff

Registers:
RAX=0x0000ba6a1d4c6e21, RBX=0x0000000000000000, RCX=0x000000005135ecb0, RDX=0x0000000002b00260
RSP=0x00000000029bf078, RBP=0x0000000002a01038, RSI=0x0000000000000000, RDI=0x0000000000000001
R8 =0x0000000002b0047b, R9 =0x00000000029bf220, R10=0x0000000000000002, R11=0x00000000029bf390
R12=0x00000000000003d8, R13=0x0000000050cacb70, R14=0x0000000000000001, R15=0x00000000028b1900
RIP=0x0000000002b00260, EFLAGS=0x0000000000010202

Top of Stack: (sp=0x00000000029bf078)
0x00000000029bf078:   0000000050deac46 00000080ffffffff
0x00000000029bf088:   000000005112c228 00000000029bf3e0
0x00000000029bf098:   0000000050dfa195 0000000002a00c60
0x00000000029bf0a8:   0000000050e7c96b 0000000002b00260
0x00000000029bf0b8:   0000000000000063 00000080ffffffff
0x00000000029bf0c8:   000000000000000c 00000000029bf138
0x00000000029bf0d8:   00007ffa00000000 0000000000000006
0x00000000029bf0e8:   ffffffffffffffff 0000000cffffffff
0x00000000029bf0f8:   000000005112c228 0000000000000000
0x00000000029bf108:   0000000050d6182b 0000000000d70000
0x00000000029bf118:   0000000000000002 0000000000000006
0x00000000029bf128:   ffffffffffffffff 00000000029bf210
0x00000000029bf138:   0000000050d880de 0000000002b00260
0x00000000029bf148:   0000000000000063 0000000000000063
0x00000000029bf158:   00000000029bf270 0000000000000063
0x00000000029bf168:   0000000050e7c70d 0000000000000063 

Instructions: (pc=0x0000000002b00260)
0x0000000002b00240:   00 00 00 00 00 00 00 00 00 00 00 00 00 00 00 00
0x0000000002b00250:   00 00 00 00 00 00 00 00 00 00 00 00 00 00 00 00
0x0000000002b00260:   55 48 8b e9 53 56 9c 58 50 48 8b c8 81 f0 00 00
0x0000000002b00270:   04 00 50 9d 9c 58 48 3b c1 75 0d b8 00 03 00 00 


Stack: [0x00000000028c0000,0x00000000029c0000],  sp=0x00000000029bf078,  free space=1020k
Native frames: (J=compiled Java code, j=interpreted, Vv=VM code, C=native code)
C  0x0000000002b00260


---------------  P R O C E S S  ---------------

Java Threads: ( => current thread )

Other Threads:

=>0x0000000002a00800 (exited) JavaThread "Unknown thread" [_thread_in_vm, id=11376, stack(0x00000000028c0000,0x00000000029c0000)]

VM state:not at safepoint (not fully initialized)

VM Mutex/Monitor currently owned by a thread: None

Deoptimization events (0 events):
No events

Internal exceptions (0 events):
No events

Events (0 events):
No events


Dynamic libraries:
0x00007ff66fdd0000 - 0x00007ff66fe07000 	C:\Program Files\Java\jre1.8.0_92\bin\javaw.exe
0x00007ffa606f0000 - 0x00007ffa608c1000 	C:\WINDOWS\SYSTEM32\ntdll.dll
0x00007ffa5f3e0000 - 0x00007ffa5f48b000 	C:\WINDOWS\System32\KERNEL32.DLL
0x00007ffa5d6d0000 - 0x00007ffa5d8ed000 	C:\WINDOWS\System32\KERNELBASE.dll
0x00007ffa60640000 - 0x00007ffa606e2000 	C:\WINDOWS\System32\ADVAPI32.dll
0x00007ffa5f6b0000 - 0x00007ffa5f74e000 	C:\WINDOWS\System32\msvcrt.dll
0x00007ffa5f300000 - 0x00007ffa5f359000 	C:\WINDOWS\System32\sechost.dll
0x00007ffa5f580000 - 0x00007ffa5f6a1000 	C:\WINDOWS\System32\RPCRT4.dll
0x00007ffa5dc80000 - 0x00007ffa5dde5000 	C:\WINDOWS\System32\USER32.dll
0x00007ffa5d430000 - 0x00007ffa5d44e000 	C:\WINDOWS\System32\win32u.dll
0x00007ffa602c0000 - 0x00007ffa602f4000 	C:\WINDOWS\System32\GDI32.dll
0x00007ffa5da90000 - 0x00007ffa5dc12000 	C:\WINDOWS\System32\gdi32full.dll
0x00007ffa4a6c0000 - 0x00007ffa4a93a000 	C:\WINDOWS\WinSxS\amd64_microsoft.windows.common-controls_6595b64144ccf1df_6.0.14393.953_none_42151e83c686086b\COMCTL32.dll
0x00007ffa5fe40000 - 0x00007ffa60108000 	C:\WINDOWS\System32\combase.dll
0x00007ffa5d8f0000 - 0x00007ffa5d9e5000 	C:\WINDOWS\System32\ucrtbase.dll
0x00007ffa5d310000 - 0x00007ffa5d37a000 	C:\WINDOWS\System32\bcryptPrimitives.dll
0x00007ffa5f970000 - 0x00007ffa5f99e000 	C:\WINDOWS\System32\IMM32.DLL
0x00000000508b0000 - 0x0000000050982000 	C:\Program Files\Java\jre1.8.0_92\bin\msvcr100.dll
0x0000000050b50000 - 0x00000000513e6000 	C:\Program Files\Java\jre1.8.0_92\bin\server\jvm.dll
0x00007ffa60210000 - 0x00007ffa60218000 	C:\WINDOWS\System32\PSAPI.DLL
0x00007ffa5ab80000 - 0x00007ffa5ab89000 	C:\WINDOWS\SYSTEM32\WSOCK32.dll
0x00007ffa5f4f0000 - 0x00007ffa5f55a000 	C:\WINDOWS\System32\WS2_32.dll
0x00007ffa5ab50000 - 0x00007ffa5ab73000 	C:\WINDOWS\SYSTEM32\WINMM.dll
0x00007ffa566c0000 - 0x00007ffa566ca000 	C:\WINDOWS\SYSTEM32\VERSION.dll
0x00007ffa5aac0000 - 0x00007ffa5aaeb000 	C:\WINDOWS\SYSTEM32\WINMMBASE.dll
0x00007ffa5d2c0000 - 0x00007ffa5d302000 	C:\WINDOWS\System32\cfgmgr32.dll
0x0000000050a60000 - 0x0000000050a6f000 	C:\Program Files\Java\jre1.8.0_92\bin\verify.dll
0x0000000050a30000 - 0x0000000050a59000 	C:\Program Files\Java\jre1.8.0_92\bin\java.dll
0x0000000050a10000 - 0x0000000050a26000 	C:\Program Files\Java\jre1.8.0_92\bin\zip.dll
0x00007ffa58200000 - 0x00007ffa58392000 	C:\WINDOWS\SYSTEM32\dbghelp.dll

VM Arguments:
jvm_args: -Dfile.encoding=Cp1252 
java_command: me.extain.game.Main
java_class_path (initial): C:\Users\Levi\Desktop\Ludum Dare\Ludum Dare 38\bin
Launcher Type: SUN_STANDARD

Environment Variables:
PATH=C:/Program Files/Java/jre1.8.0_92/bin/server;C:/Program Files/Java/jre1.8.0_92/bin;C:/Program Files/Java/jre1.8.0_92/lib/amd64;C:\Program Files (x86)\Razer Chroma SDK\bin;C:\Program Files\Razer Chroma SDK\bin;C:\ProgramData\Oracle\Java\javapath;C:\Windows\system32;C:\Windows;C:\Windows\System32\Wbem;C:\Windows\System32\WindowsPowerShell\v1.0\;C:\Program Files (x86)\Skype\Phone\;C:\Program Files (x86)\MySQL\MySQL Fabric 1.5 & MySQL Utilities 1.5\;C:\Program Files (x86)\MySQL\MySQL Fabric 1.5 & MySQL Utilities 1.5\Doctrine extensions for PHP\;C:\Users\Levi\.dnx\bin;C:\Program Files\Microsoft DNX\Dnvm\;C:\Program Files\Microsoft SQL Server\130\Tools\Binn\;C:\WINDOWS\system32;C:\WINDOWS;C:\WINDOWS\System32\Wbem;C:\WINDOWS\System32\WindowsPowerShell\v1.0\;C:\Program Files\Git\cmd;C:\Program Files (x86)\NVIDIA Corporation\PhysX\Common;C:\Program Files (x86)\GtkSharp\2.12\bin;C:\Users\Levi\AppData\Local\Microsoft\WindowsApps;C:\Users\Levi\AppData\Local\Microsoft\WindowsApps;;C:\WINDOWS\system32;
USERNAME=Levi
OS=Windows_NT
PROCESSOR_IDENTIFIER=Intel64 Family 6 Model 15 Stepping 11, GenuineIntel



---------------  S Y S T E M  ---------------

OS: Windows 10.0 , 64 bit Build 14393 (10.0.14393.0)

CPU:total 4 

Memory: 4k page, physical 4193252k(1102316k free), swap 7773436k(2345036k free)

vm_info: Java HotSpot(TM) 64-Bit Server VM (25.92-b14) for windows-amd64 JRE (1.8.0_92-b14), built on Mar 31 2016 21:03:04 by "java_re" with MS VC++ 10.0 (VS2010)

time: Fri Apr 21 23:38:24 2017
elapsed time: 0 seconds (0d 0h 0m 0s)

